make: 'bin/ssb/q11_hyper_bootstrap' is up to date.
make: 'bin/ssb/q12_hyper_bootstrap' is up to date.
make: 'bin/ssb/q13_hyper_bootstrap' is up to date.
make: 'bin/ssb/q21_hyper_bootstrap' is up to date.
make: 'bin/ssb/q22_hyper_bootstrap' is up to date.
make: 'bin/ssb/q23_hyper_bootstrap' is up to date.
make: 'bin/ssb/q31_hyper_bootstrap' is up to date.
make: 'bin/ssb/q32_hyper_bootstrap' is up to date.
make: 'bin/ssb/q33_hyper_bootstrap' is up to date.
make: 'bin/ssb/q34_hyper_bootstrap' is up to date.
make: 'bin/ssb/q41_hyper_bootstrap' is up to date.
make: 'bin/ssb/q42_hyper_bootstrap' is up to date.
make: 'bin/ssb/q43_hyper_bootstrap' is up to date.
query: q11
TIMES: 128[0==========10==========20==========30==========40==========50==========60==========70==========80==========90==========100==========110==========120========]
Time Taken(resample): 82213.5ms
446268068091(-0.00707569,0.00775563)
Time Taken(run query): 1600.01ms
query: q12
TIMES: 128[0==========10==========20==========30==========40==========50==========60==========70==========80==========90==========100==========110==========120========]
Time Taken(resample): 77442.2ms
98314553869(-0.0383921,0.0342151)
Time Taken(run query): 1340.18ms
query: q13
TIMES: 128[0==========10==========20==========30==========40==========50==========60==========70==========80==========90==========100==========110==========120========]
Time Taken(resample): 101195ms
24994512533(-0.0623791,0.0586159)
Time Taken(run query): 1392.93ms
query: q21
TIMES: 128[0==========10==========20==========30==========40==========50==========60==========70==========80==========90==========100==========110==========120========]
Time Taken(resample): 73387.7ms
613483718(-0.196718,0.167492)	1994	54
569420842(-0.146145,0.229791)	1996	48
668802804(-0.180759,0.216629)	1997	49
599670502(-0.187729,0.198513)	1993	53
615323918(-0.218318,0.210816)	1992	52
381413406(-0.296106,0.292218)	1998	50
733201650(-0.19109,0.180419)	1995	55
546360098(-0.173782,0.220368)	1997	53
630535956(-0.213168,0.195195)	1994	50
614832897(-0.176237,0.243461)	1992	48
622169494(-0.200939,0.183168)	1996	52
665441570(-0.174971,0.205684)	1993	49
603074506(-0.195123,0.224562)	1995	51
358404443(-0.230878,0.344531)	1998	54
685700687(-0.179036,0.174835)	1994	49
660828416(-0.152876,0.190731)	1996	55
321318693(-0.198849,0.231229)	1998	53
683486709(-0.190105,0.185886)	1992	51
654248336(-0.180226,0.212125)	1997	54
574899865(-0.231769,0.209968)	1993	50
536371229(-0.163689,0.220149)	1995	48
274528518(-0.251877,0.269167)	1998	52
514656574(-0.206207,0.207385)	1995	49
643872640(-0.15798,0.240603)	1997	55
622843007(-0.193771,0.201926)	1993	51
535649006(-0.19516,0.247297)	1994	48
552505432(-0.168742,0.195052)	1992	50
634117697(-0.158231,0.193529)	1996	54
326961363(-0.285027,0.304094)	1998	61
585699783(-0.180983,0.205312)	1993	58
532641178(-0.24282,0.265693)	1992	59
493459824(-0.16254,0.18468)	1997	62
766560189(-0.166933,0.184933)	1995	56
781443820(-0.170302,0.158164)	1996	63
552667659(-0.172838,0.23289)	1994	57
520323291(-0.229878,0.266322)	1994	77
630860194(-0.242362,0.227644)	1996	75
626675065(-0.198173,0.204902)	1993	78
746865248(-0.176081,0.151516)	1992	79
589898863(-0.224677,0.172356)	1995	76
444282537(-0.216521,0.258032)	1998	73
573174345(-0.189057,0.193622)	1997	74
570770198(-0.250194,0.190388)	1992	69
592683823(-0.158151,0.185252)	1993	68
332407803(-0.220574,0.260405)	1998	67
580677285(-0.229584,0.221911)	1995	70
609120342(-0.175195,0.17817)	1994	71
588092176(-0.200547,0.165343)	1997	64
726889790(-0.171553,0.208869)	1996	65
368606558(-0.283624,0.266482)	1998	62
585930518(-0.210792,0.241434)	1995	59
585610045(-0.192147,0.20035)	1996	60
538198807(-0.247435,0.165481)	1994	58
645620430(-0.191463,0.192059)	1997	61
835229424(-0.168925,0.164337)	1992	56
589771285(-0.289285,0.206748)	1993	57
572245240(-0.16759,0.189085)	1992	66
719167762(-0.158774,0.168668)	1993	67
664045591(-0.177589,0.168011)	1995	65
562430152(-0.205545,0.188432)	1996	70
743199484(-0.164519,0.217468)	1997	71
368823103(-0.296989,0.298894)	1998	68
501363149(-0.220418,0.202791)	1994	64
593503484(-0.237262,0.205874)	1997	66
603695897(-0.248,0.169403)	1996	67
659161892(-0.209226,0.224872)	1992	71
529316086(-0.208646,0.179684)	1993	70
683773925(-0.200383,0.191962)	1995	68
409641268(-0.217768,0.278455)	1998	65
563001857(-0.234893,0.240247)	1994	69
607511809(-0.148073,0.245338)	1997	52
540875196(-0.206295,0.203494)	1996	53
393639127(-0.235705,0.216304)	1998	55
562984217(-0.192815,0.223199)	1993	48
568030008(-0.265193,0.219928)	1992	49
645472737(-0.192851,0.177016)	1994	51
602015212(-0.176113,0.228105)	1995	50
723810219(-0.163415,0.28202)	1994	63
316099532(-0.258283,0.406401)	1998	59
708154271(-0.209959,0.182985)	1992	61
655017521(-0.180606,0.214207)	1997	56
521363146(-0.242943,0.206478)	1993	60
641169155(-0.195551,0.231085)	1995	62
518528207(-0.187898,0.203082)	1996	57
683613372(-0.211828,0.207445)	1992	72
400175060(-0.224417,0.26594)	1998	78
721612619(-0.170335,0.20068)	1993	73
647244672(-0.198762,0.228151)	1995	75
532629466(-0.221328,0.197976)	1996	76
611832776(-0.195211,0.194672)	1994	74
482196735(-0.203703,0.186669)	1997	77
619004020(-0.189079,0.199202)	1997	60
395545815(-0.241499,0.234088)	1998	63
511932695(-0.142737,0.241933)	1994	59
504108232(-0.235398,0.237821)	1996	61
606804083(-0.191218,0.193038)	1992	57
676795070(-0.184346,0.213512)	1993	56
526933737(-0.177276,0.205322)	1995	58
643585438(-0.1785,0.225103)	1992	55
606629750(-0.176646,0.16865)	1996	51
620609133(-0.249016,0.265076)	1993	54
536000654(-0.199603,0.201482)	1995	52
590431516(-0.20323,0.223568)	1997	50
335711347(-0.21507,0.213032)	1998	49
612419617(-0.188967,0.247749)	1994	53
553443907(-0.180872,0.276092)	1994	66
346221257(-0.21882,0.237781)	1998	70
642279785(-0.193001,0.237411)	1993	65
615060386(-0.193444,0.183192)	1996	68
687814225(-0.163405,0.184129)	1995	67
630192313(-0.208076,0.191696)	1997	69
563126392(-0.16146,0.19664)	1992	64
594230859(-0.170849,0.197546)	1993	62
530120003(-0.188644,0.183127)	1995	60
550635694(-0.196273,0.205714)	1994	61
606140570(-0.192342,0.181875)	1996	59
563752353(-0.258346,0.236096)	1997	58
666115790(-0.192026,0.210187)	1992	63
364725752(-0.271207,0.246159)	1998	57
630727618(-0.188607,0.178514)	1995	78
826205447(-0.139131,0.165915)	1994	79
630175869(-0.201867,0.174967)	1997	72
562479392(-0.181986,0.224162)	1992	77
557938125(-0.199377,0.228486)	1993	76
724594584(-0.196712,0.242995)	1996	73
320125331(-0.259722,0.290034)	1998	75
647098045(-0.209435,0.197071)	1996	40
645919025(-0.191455,0.248633)	1992	44
765116214(-0.1664,0.143217)	1994	46
629108650(-0.198343,0.203518)	1997	41
646904457(-0.169529,0.294721)	1993	45
410871005(-0.236067,0.228437)	1998	42
601863471(-0.228934,0.236829)	1995	47
594584747(-0.163691,0.278249)	1993	72
712715807(-0.215909,0.185011)	1997	76
596447019(-0.221549,0.253825)	1992	73
642980782(-0.159173,0.205257)	1994	75
666334343(-0.159885,0.281684)	1995	74
344323596(-0.232228,0.254775)	1998	79
487116475(-0.218641,0.202369)	1996	77
392273087(-0.216985,0.274277)	1998	41
665004915(-0.232342,0.224494)	1993	46
658011660(-0.176349,0.254754)	1996	43
605194974(-0.191766,0.231741)	1992	47
548241836(-0.199482,0.220948)	1997	42
641538925(-0.182235,0.187182)	1994	45
410181243(-0.227986,0.231035)	1995	44
550885740(-0.211482,0.259821)	1992	67
714332490(-0.194558,0.214343)	1996	71
602400666(-0.188413,0.209462)	1993	66
608082993(-0.150636,0.230563)	1997	70
353565310(-0.248535,0.332757)	1998	69
555536546(-0.21522,0.213765)	1995	64
568169373(-0.221499,0.269682)	1994	65
381464693(-0.211607,0.221219)	1998	40
587953406(-0.222117,0.216313)	1996	42
597628870(-0.203655,0.266057)	1992	46
745828978(-0.169339,0.209234)	1993	47
561077226(-0.217941,0.250562)	1994	44
530165809(-0.185556,0.266728)	1997	43
540121966(-0.210319,0.25591)	1995	45
562296487(-0.222566,0.213278)	1995	53
648939249(-0.164895,0.148633)	1992	54
657789687(-0.204105,0.220105)	1997	51
319373807(-0.254902,0.377167)	1998	48
731875461(-0.160982,0.155777)	1996	50
582264380(-0.177195,0.216297)	1993	55
496881467(-0.221335,0.203706)	1994	52
611418892(-0.229935,0.258435)	1993	69
587150187(-0.212203,0.214813)	1992	68
660816107(-0.205236,0.207842)	1997	65
754888206(-0.133334,0.17857)	1995	71
558960930(-0.221668,0.21395)	1994	70
631090018(-0.20917,0.191747)	1996	64
303716004(-0.258743,0.332608)	1998	66
338572996(-0.243386,0.240654)	1998	47
583509608(-0.204112,0.248555)	1996	45
665505903(-0.175003,0.20903)	1993	40
665711987(-0.155402,0.227041)	1995	42
726185813(-0.17123,0.197626)	1992	41
534222886(-0.219589,0.1815)	1997	44
614092509(-0.233159,0.230498)	1994	43
560291443(-0.209174,0.195685)	1995	54
617308453(-0.214512,0.232164)	1994	55
416853200(-0.250626,0.257416)	1998	51
584183981(-0.163966,0.215849)	1997	48
537628554(-0.23307,0.217656)	1993	52
595542754(-0.169429,0.219588)	1996	49
616842823(-0.178938,0.181312)	1992	53
385398450(-0.241027,0.261656)	1998	64
518373679(-0.153199,0.215569)	1996	66
690397017(-0.223114,0.175384)	1993	71
641371289(-0.193421,0.177393)	1994	68
579595422(-0.191863,0.213678)	1995	69
568070353(-0.228714,0.237692)	1997	67
505686238(-0.191838,0.227529)	1992	70
466499798(-0.19712,0.222367)	1993	59
721915261(-0.166253,0.186493)	1997	63
318731612(-0.250908,0.257681)	1998	60
642707967(-0.16885,0.203847)	1995	57
618574345(-0.158424,0.193726)	1996	62
563125277(-0.204114,0.176877)	1992	58
667483758(-0.217935,0.219732)	1994	56
309277110(-0.275976,0.204257)	1998	76
651091002(-0.161077,0.173482)	1995	73
639189421(-0.186186,0.163343)	1994	72
583815824(-0.227378,0.213399)	1996	78
641815881(-0.187098,0.226572)	1997	79
506928496(-0.17967,0.206649)	1993	75
584148212(-0.192884,0.261717)	1992	74
302823619(-0.258064,0.320353)	1998	44
755098322(-0.155277,0.15881)	1992	42
536402691(-0.170807,0.155699)	1995	41
656155146(-0.21756,0.240163)	1994	40
622534569(-0.202835,0.216492)	1993	43
571249318(-0.215743,0.230283)	1997	47
546939417(-0.232192,0.278504)	1996	46
649797080(-0.204305,0.190224)	1992	43
564236915(-0.262564,0.216785)	1996	47
615424897(-0.191119,0.225031)	1994	41
618720153(-0.155181,0.19784)	1997	46
272220344(-0.254254,0.326274)	1998	45
564932693(-0.225923,0.177789)	1995	40
669865826(-0.166173,0.178488)	1993	42
584842614(-0.188609,0.182305)	1992	45
631830367(-0.159713,0.211534)	1997	40
673853587(-0.217855,0.201894)	1995	46
610593057(-0.240268,0.18291)	1993	44
589369164(-0.192251,0.228954)	1994	47
309643619(-0.293817,0.274522)	1998	43
627830441(-0.208625,0.176039)	1996	41
513659003(-0.228538,0.213996)	1995	77
623234488(-0.204521,0.136678)	1996	74
605570052(-0.16716,0.193522)	1994	76
332307316(-0.262134,0.317619)	1998	72
559478622(-0.246438,0.23948)	1997	75
577189974(-0.182973,0.209724)	1992	78
730419745(-0.164676,0.184372)	1993	79
538853702(-0.202038,0.186225)	1996	72
604578088(-0.222139,0.188853)	1994	78
779785177(-0.168808,0.200955)	1995	79
528499174(-0.254485,0.245076)	1992	76
489449419(-0.219001,0.277767)	1993	77
725502031(-0.16806,0.16716)	1997	73
361972429(-0.238171,0.261474)	1998	74
603174395(-0.176693,0.235767)	1997	68
573470062(-0.174897,0.208288)	1996	69
475284326(-0.22856,0.206858)	1994	67
372917351(-0.237949,0.220465)	1998	71
581628958(-0.198611,0.204409)	1995	66
549938447(-0.184053,0.228435)	1993	64
635218940(-0.203839,0.192785)	1992	65
667692830(-0.19578,0.197131)	1992	40
638908636(-0.162116,0.221701)	1997	45
358767854(-0.245439,0.327928)	1998	46
586263120(-0.208092,0.211211)	1994	42
777985797(-0.126375,0.175215)	1993	41
549471242(-0.203464,0.225898)	1995	43
535273070(-0.185206,0.308098)	1996	44
685095585(-0.15689,0.205157)	1996	56
703416819(-0.189223,0.18009)	1995	63
364338047(-0.211575,0.324146)	1998	58
659926699(-0.200963,0.208874)	1993	61
580700081(-0.221274,0.265017)	1992	60
501827133(-0.233962,0.191587)	1994	62
613229890(-0.203911,0.226322)	1997	57
666863553(-0.208043,0.19771)	1995	61
565845397(-0.217472,0.282259)	1997	59
363930927(-0.234917,0.205276)	1998	56
550780875(-0.193113,0.216161)	1992	62
547157771(-0.181892,0.241896)	1994	60
555762739(-0.225776,0.211306)	1996	58
793732090(-0.187528,0.216639)	1993	63
252431495(-0.26628,0.442423)	1998	77
635021247(-0.179643,0.229996)	1994	73
529519219(-0.244755,0.20737)	1995	72
608850090(-0.192608,0.155694)	1992	75
835393032(-0.170163,0.217887)	1996	79
688093278(-0.235297,0.167821)	1997	78
638832639(-0.186284,0.214565)	1993	74
Time Taken(run query): 4596.07ms
query: q22
TIMES: 128[0==========10==========20==========30==========40==========50==========60==========70==========80==========90==========100==========110==========120========]
Time Taken(resample): 98860ms
651857112(-0.204076,0.145425)	1997	263
406421352(-0.254378,0.196429)	1998	260
678327632(-0.197997,0.194898)	1996	262
718452843(-0.172108,0.158089)	1993	261
727631613(-0.17213,0.180948)	1992	260
761380664(-0.185428,0.179211)	1994	262
734640923(-0.128216,0.187953)	1995	263
773019225(-0.178762,0.172524)	1996	265
480891082(-0.224658,0.161147)	1998	267
725514405(-0.15866,0.15328)	1997	264
410467506(-0.265707,0.251429)	1998	261
737341506(-0.201268,0.231938)	1996	263
772577795(-0.238606,0.150263)	1997	262
637345890(-0.197016,0.184951)	1996	264
768637418(-0.158487,0.183578)	1997	265
426447866(-0.259815,0.236215)	1998	266
611457984(-0.194381,0.239034)	1993	260
692231505(-0.259854,0.200848)	1994	263
701528123(-0.180272,0.233748)	1995	262
741272033(-0.232345,0.220639)	1992	261
868256671(-0.180565,0.167231)	1992	266
853401620(-0.167004,0.217653)	1995	265
730894538(-0.197597,0.179162)	1994	264
745199939(-0.205449,0.247066)	1993	267
821518075(-0.16058,0.182871)	1995	264
728174804(-0.170997,0.255769)	1993	266
815403522(-0.168233,0.243021)	1994	265
853943224(-0.163246,0.210843)	1992	267
780752389(-0.138693,0.208692)	1996	266
814292702(-0.181335,0.172848)	1997	267
442503354(-0.272787,0.243789)	1998	264
714363315(-0.153853,0.198089)	1995	266
638772457(-0.170356,0.201084)	1992	265
628016218(-0.181755,0.230948)	1993	264
942698329(-0.161594,0.184206)	1994	267
743224189(-0.214985,0.276363)	1994	261
598180490(-0.17462,0.231121)	1992	263
672713827(-0.205086,0.178135)	1995	260
746758314(-0.144541,0.193918)	1993	262
626168815(-0.199573,0.187122)	1992	262
794459636(-0.215166,0.222414)	1995	261
726921617(-0.159291,0.220965)	1993	263
722018144(-0.141226,0.166345)	1994	260
397976786(-0.237628,0.224618)	1998	263
761422655(-0.226722,0.16019)	1997	260
711305796(-0.157147,0.211985)	1996	261
604737616(-0.19521,0.243843)	1996	267
506406124(-0.197702,0.221261)	1998	265
716875017(-0.220781,0.185006)	1997	266
429233482(-0.196015,0.208589)	1998	262
782960624(-0.155216,0.200679)	1996	260
721049917(-0.144606,0.185306)	1997	261
736184437(-0.159347,0.178494)	1992	264
764799163(-0.17761,0.182115)	1994	266
762185746(-0.173303,0.230206)	1995	267
758547923(-0.191369,0.162989)	1993	265
Time Taken(run query): 3583.73ms
query: q23
TIMES: 128[0==========10==========20==========30==========40==========50==========60==========70==========80==========90==========100==========110==========120========]
Time Taken(resample): 92797.3ms
630544734(-0.157701,0.226568)	1996	260
542227752(-0.194601,0.218504)	1992	260
383270446(-0.233873,0.223443)	1998	260
635853549(-0.141411,0.221726)	1995	260
643343418(-0.19186,0.184664)	1994	260
629150659(-0.149033,0.192597)	1993	260
614997507(-0.220097,0.193433)	1997	260
Time Taken(run query): 3077.42ms
query: q31
TIMES: 128[0==========10==========20==========30==========40==========50==========60==========70==========80==========90==========100==========110==========120========]
Time Taken(resample): 89859.6ms
21	9	1992	6357158496(-0.0525161,0.0748905)
12	21	1997	5592995129(-0.0601515,0.0629822)
12	18	1994	5888016059(-0.0599549,0.0570591)
21	12	1997	6104496228(-0.0674182,0.0613748)
21	8	1993	5710014463(-0.0628555,0.0768918)
18	12	1994	6241694705(-0.0639,0.0662403)
9	21	1992	5683439519(-0.049915,0.0731616)
8	21	1993	5458883250(-0.0719179,0.0513316)
9	12	1995	6109042212(-0.0658268,0.0720372)
12	9	1995	5885243940(-0.0686931,0.0580407)
21	18	1993	6124826492(-0.060352,0.0603864)
12	8	1994	5780451220(-0.0610511,0.0670772)
18	21	1993	5966163310(-0.0645935,0.0636755)
8	12	1994	5633646559(-0.0531718,0.0947924)
8	8	1997	5827788535(-0.0665178,0.0675136)
9	8	1996	6218365051(-0.0587706,0.0753224)
21	21	1997	5371389290(-0.0662703,0.0652601)
12	12	1997	5816703386(-0.0623406,0.0827924)
9	12	1992	5991275371(-0.0588425,0.0606489)
18	18	1997	6536674330(-0.0518359,0.0532111)
12	9	1992	5677180135(-0.0777864,0.068222)
8	12	1993	5907688872(-0.0702485,0.0510777)
9	9	1997	6199382122(-0.0666591,0.0833125)
21	18	1994	6722912149(-0.0579906,0.0474674)
8	9	1996	6204273577(-0.057437,0.0657753)
18	21	1994	6129500774(-0.061982,0.0602657)
12	8	1993	5399682863(-0.0735847,0.0680617)
18	21	1992	5533781932(-0.0536917,0.0553007)
12	9	1994	6081189996(-0.0724464,0.0606438)
8	12	1995	5406009282(-0.0671382,0.0662996)
12	8	1995	5834532941(-0.0683471,0.0634584)
21	18	1992	6446283645(-0.0529965,0.0642555)
9	12	1994	6353076236(-0.0712733,0.061783)
18	8	1997	5965938663(-0.0659109,0.0785269)
12	18	1993	6228795359(-0.0718503,0.0609201)
9	21	1995	5602056233(-0.0535083,0.0751925)
18	9	1996	6618003557(-0.0615054,0.0735171)
21	8	1994	5911474268(-0.0690047,0.0546809)
8	21	1994	5314593349(-0.0754258,0.0600651)
8	18	1997	5939043805(-0.0761581,0.0529884)
21	9	1995	6505309291(-0.0625472,0.0624123)
18	12	1993	6362311531(-0.0621716,0.0617972)
9	18	1996	6773120986(-0.053919,0.0638401)
8	21	1997	5263197238(-0.0594471,0.0628364)
12	21	1993	5288167390(-0.0779064,0.0591427)
21	12	1993	6366416630(-0.0600425,0.05903)
9	18	1995	6639156860(-0.0472327,0.0759776)
18	8	1994	6223298646(-0.0696959,0.063983)
9	21	1996	5630134780(-0.0509205,0.0788112)
8	18	1994	6049481526(-0.0678477,0.0538126)
21	8	1997	5690873534(-0.0726253,0.0671872)
21	9	1996	6105693707(-0.0703376,0.0615023)
18	9	1995	6637431421(-0.0679518,0.0771111)
18	9	1994	6500840587(-0.0529244,0.0632195)
9	18	1994	6582099935(-0.0552069,0.0670674)
8	21	1996	5327555523(-0.0634693,0.0780748)
8	18	1995	6129389100(-0.0580659,0.0526962)
21	12	1992	5797445768(-0.0712743,0.0546943)
21	8	1996	5788143050(-0.0547342,0.0594351)
9	21	1997	5328679111(-0.0576775,0.0635033)
21	9	1997	6690839665(-0.0695962,0.0623979)
12	21	1992	5419707966(-0.0743203,0.069752)
18	8	1995	5868806984(-0.0594077,0.0551077)
12	21	1995	5348368129(-0.0599283,0.0635299)
18	8	1992	6017679573(-0.0742261,0.0600118)
9	18	1993	6261875813(-0.0690532,0.0646007)
12	18	1996	6023242208(-0.0576394,0.0735937)
21	12	1995	5992599086(-0.0738944,0.0554078)
18	12	1996	6593957633(-0.0593039,0.0558441)
8	18	1992	6042413554(-0.068166,0.0596582)
18	9	1993	6561522678(-0.0652852,0.0704224)
21	8	1995	5874909487(-0.0633725,0.0640535)
18	12	1992	6196262698(-0.0651378,0.0720287)
18	8	1996	5874751205(-0.0626226,0.0542678)
18	9	1997	6411952594(-0.0671681,0.0485195)
21	9	1994	6400210978(-0.0574056,0.075175)
12	18	1992	5943100486(-0.0601149,0.0632971)
8	21	1995	4969010181(-0.0722888,0.0709595)
8	18	1996	6213798004(-0.0562013,0.0629432)
9	21	1994	5593457395(-0.063006,0.0557687)
9	18	1997	6161959429(-0.0613375,0.0780464)
12	9	1996	5788911268(-0.0734277,0.0586675)
12	12	1993	5835968581(-0.0729021,0.0556822)
18	18	1993	6561720990(-0.0520991,0.064348)
8	12	1997	5861625473(-0.0554426,0.0726074)
12	8	1997	5646336182(-0.0797857,0.0655554)
8	9	1992	5984057641(-0.0907508,0.0663668)
8	8	1993	5415341756(-0.0684291,0.0549646)
9	9	1993	6578610448(-0.0680255,0.0647276)
9	12	1996	5994025942(-0.0698952,0.0599597)
21	21	1993	5360555478(-0.0664626,0.0756135)
9	8	1992	5562289294(-0.0588793,0.0716849)
9	18	1992	6263726671(-0.0711019,0.0645122)
12	21	1994	4927095439(-0.0616625,0.0839201)
18	8	1993	6009169048(-0.0624404,0.0740052)
8	18	1993	6029996234(-0.0646017,0.0794539)
21	12	1994	6223372394(-0.0603096,0.0540327)
12	18	1997	6270648094(-0.0689939,0.0611685)
18	12	1997	6049371551(-0.0763708,0.0669089)
18	9	1992	6496096128(-0.0656606,0.0575866)
12	8	1992	5427502315(-0.0802631,0.0640379)
8	9	1997	6319630787(-0.0655176,0.072578)
9	12	1993	5996696323(-0.0556745,0.0671698)
9	9	1996	6736222625(-0.0539816,0.0585515)
21	18	1995	6382522277(-0.0658526,0.0603139)
12	12	1996	5545736542(-0.0526902,0.082679)
8	8	1996	5574761470(-0.053189,0.0792808)
18	18	1996	6850354841(-0.0650407,0.0628472)
9	8	1997	6290692410(-0.0668573,0.0743947)
8	12	1992	5492002236(-0.0732617,0.0654713)
21	21	1996	5491501530(-0.070144,0.0588107)
12	9	1993	5791119802(-0.0494365,0.0686744)
18	21	1995	5725705598(-0.0767937,0.0595967)
12	9	1997	5856700954(-0.0625597,0.0732296)
8	12	1996	5442270720(-0.0608151,0.061226)
8	9	1993	6081773051(-0.0564448,0.0675966)
8	8	1992	5184993226(-0.075498,0.0588063)
9	12	1997	6028468460(-0.0638512,0.0534713)
12	8	1996	5905728415(-0.063358,0.0592944)
18	18	1992	6993698318(-0.0566617,0.0740464)
12	12	1992	5762973504(-0.0836864,0.069047)
21	21	1992	5330045178(-0.070393,0.0668203)
9	8	1993	6135672939(-0.0546715,0.0791843)
9	9	1992	6476338867(-0.0585913,0.0578567)
12	18	1995	6417728319(-0.0712454,0.0551149)
21	9	1993	6442772140(-0.0637873,0.0583729)
18	12	1995	6402770330(-0.0570443,0.0613548)
12	21	1996	5391136046(-0.0538301,0.0809434)
21	8	1992	5717924155(-0.0521476,0.065866)
9	21	1993	5893719233(-0.0585743,0.0683872)
8	21	1992	5262842216(-0.0586989,0.0627089)
21	12	1996	6325326115(-0.062027,0.0575846)
18	18	1995	6730030038(-0.0550104,0.0597451)
18	21	1996	5712678496(-0.0782359,0.0612405)
8	9	1994	6225060895(-0.0679454,0.0498463)
21	18	1996	6473125403(-0.078145,0.0740313)
21	21	1995	5719571256(-0.0667134,0.0733508)
8	8	1995	5404068459(-0.0616908,0.0603769)
9	9	1995	6675283018(-0.0584005,0.0584973)
9	8	1994	6133596433(-0.0566456,0.0654272)
12	12	1995	5822761485(-0.0643725,0.0552356)
21	18	1997	6419058414(-0.0662511,0.0642779)
18	18	1994	6684008124(-0.069654,0.0666305)
8	8	1994	5294506383(-0.0599349,0.0484041)
9	8	1995	5940062133(-0.0623654,0.0732104)
8	9	1995	6058072540(-0.0813693,0.0607668)
12	12	1994	5525428328(-0.0557842,0.0739552)
18	21	1997	5684084530(-0.0827196,0.0635708)
21	21	1994	5449332215(-0.0661274,0.0656372)
9	9	1994	6469813095(-0.0606096,0.072849)
Time Taken(run query): 4914.38ms
query: q32
TIMES: 128[0==========10==========20==========30==========40==========50==========60==========70==========80==========90==========100==========110==========120========]
Time Taken(resample): 86365.3ms
242	248	1996	65122143(-0.512886,0.841021)
243	248	1997	55897144(-0.61935,0.56133)
248	244	1994	65750534(-0.619328,0.966471)
242	249	1997	78385147(-0.510738,0.486359)
249	245	1994	52559069(-0.763072,0.74837)
245	249	1994	51428393(-0.637892,0.846295)
248	247	1993	48239679(-0.592903,0.654857)
247	248	1993	76797260(-0.551926,0.771503)
244	249	1995	73721297(-0.482059,0.649376)
249	242	1997	4859473(-0.60785,2.82355)
248	243	1997	110422108(-0.377116,0.477158)
244	248	1994	60036125(-0.49961,0.601185)
248	246	1992	55398185(-0.719458,0.785041)
249	243	1996	64820606(-0.607127,0.648404)
246	249	1993	48563784(-0.703298,0.778981)
249	247	1992	51593769(-0.569853,0.742893)
249	246	1993	39383458(-0.597643,0.906578)
245	248	1995	60579282(-0.6104,0.718954)
247	249	1992	49479623(-0.460108,0.795624)
248	245	1995	50388205(-0.605904,0.778079)
246	248	1992	24147300(-0.736472,0.919462)
249	244	1995	45413004(-0.608498,0.642669)
243	249	1996	42734679(-0.548181,0.874462)
248	246	1996	43089097(-0.502452,0.849128)
249	247	1996	61871956(-0.606619,0.602896)
241	248	1995	58560752(-0.535674,0.601077)
249	240	1995	43331142(-0.714408,1.08123)
242	248	1992	74591164(-0.482234,0.615084)
246	248	1996	40726621(-0.70256,0.914052)
243	249	1992	64638630(-0.593393,0.763911)
247	248	1997	35027757(-0.702014,1.0783)
248	240	1994	44407565(-0.492379,0.667803)
246	249	1997	56308403(-0.484779,0.563721)
249	241	1994	90575955(-0.58815,0.587233)
249	242	1993	5547071(-0.580458,1.83908)
240	249	1995	55810914(-0.66755,0.732167)
247	249	1996	42711922(-0.837888,0.774614)
249	246	1997	39084470(-0.695096,1.21229)
242	249	1993	36307001(-0.673754,0.889216)
249	243	1992	77946364(-0.535629,0.709314)
240	248	1994	75722638(-0.5071,0.972802)
248	242	1992	16734882(-0.916804,1.51974)
248	243	1993	49745815(-0.503755,0.55954)
241	249	1994	88125655(-0.566193,0.796953)
243	248	1993	52670459(-0.633366,0.741598)
248	247	1997	74123923(-0.551346,0.640186)
248	241	1995	73042469(-0.512147,0.704624)
246	247	1996	43708078(-0.69305,0.759387)
245	241	1993	74744551(-0.44883,0.512752)
243	245	1995	41414312(-0.6329,0.749606)
246	241	1994	47058087(-0.627674,0.957761)
243	244	1994	34828979(-0.773511,1.12853)
246	243	1992	80399351(-0.453105,0.536434)
243	243	1997	83896084(-0.588107,0.698088)
247	247	1997	61665002(-0.587704,0.718856)
247	241	1995	66824320(-0.529865,0.778412)
244	241	1992	81110808(-0.428474,0.690386)
246	242	1993	11150112(-0.54248,2)
241	245	1993	24966010(-0.860295,1.08871)
244	245	1996	41861722(-0.589033,0.898542)
247	240	1994	57127637(-0.749788,0.856901)
240	246	1995	42152178(-0.665719,0.776937)
242	247	1992	55412330(-0.555462,0.563374)
240	241	1996	46969651(-0.799681,1.17741)
247	243	1993	66829484(-0.522704,0.673368)
242	243	1996	108673198(-0.458662,0.344694)
245	242	1994	14958239(-0.752806,1.6095)
241	240	1996	74915962(-0.419413,0.893999)
246	240	1995	70873789(-0.529256,0.593568)
247	242	1992	10634537(-0.506755,1.50675)
240	247	1994	53092919(-0.517111,0.802676)
240	245	1992	44297342(-0.691501,0.989065)
245	244	1996	51063549(-0.541649,0.94993)
245	243	1995	114568454(-0.440289,0.426294)
241	246	1994	42930352(-0.566419,0.735412)
248	249	1996	60604100(-0.596638,0.918823)
247	246	1996	29631297(-0.605799,0.877096)
244	242	1995	24013595(-0.838356,1.07529)
242	244	1995	34379596(-0.66859,1.20498)
245	240	1992	37973575(-0.606461,0.687117)
245	245	1997	27418926(-0.709675,0.957206)
244	240	1993	30778513(-0.632106,0.964039)
242	245	1994	52792642(-0.604878,0.933998)
246	246	1997	40073250(-0.7041,0.694571)
248	248	1997	63729255(-0.520865,0.622637)
243	246	1992	40162179(-0.614696,0.781089)
242	246	1993	90393431(-0.554975,0.727625)
240	240	1997	69812238(-0.49623,0.765597)
249	248	1996	37001062(-0.760992,0.823513)
243	242	1996	110353(0,2)
244	243	1994	92757316(-0.406941,0.729511)
249	249	1997	44280824(-0.530504,1.11901)
241	247	1995	44774933(-0.695524,0.698929)
240	244	1993	59405088(-0.586302,0.937068)
243	247	1993	20328002(-0.905006,1.0002)
241	244	1992	59320574(-0.468186,0.759195)
241	241	1997	119416413(-0.461867,0.544469)
242	242	1997	14762785(-0.898772,1.66231)
244	244	1997	52031859(-0.591282,0.63263)
241	248	1997	75634929(-0.444697,0.587265)
248	244	1992	64474284(-0.604093,0.885991)
246	248	1994	49640114(-0.485512,0.620995)
246	249	1995	51814919(-0.719387,0.910706)
245	248	1993	55346060(-0.545105,0.812767)
245	249	1992	41465763(-0.729804,0.913511)
249	247	1994	47336600(-0.486356,0.744109)
240	248	1996	35507746(-0.739989,1.00067)
249	246	1995	38139403(-0.707995,0.828411)
248	241	1997	80565117(-0.595503,0.633927)
248	240	1996	58441714(-0.61636,0.458012)
248	245	1993	47376309(-0.603673,0.893187)
247	248	1995	69983772(-0.445972,0.556044)
249	240	1997	51719317(-0.510523,0.971847)
249	241	1996	83470578(-0.489223,0.602559)
249	244	1993	18120491(-0.856732,1.0617)
247	249	1994	39488073(-0.583734,0.603438)
244	249	1993	54587601(-0.477966,0.70747)
244	248	1992	66812296(-0.464431,0.75606)
241	249	1996	59781303(-0.601906,0.72727)
248	247	1995	50487022(-0.623172,0.711329)
249	245	1992	41872437(-0.696784,0.696517)
248	246	1994	52389419(-0.586011,0.740395)
240	249	1997	84665595(-0.529463,0.619603)
247	248	1994	55740311(-0.590643,0.806174)
248	241	1996	35553348(-0.763659,0.83821)
249	246	1994	34464831(-0.771805,0.947022)
249	244	1992	58209410(-0.580024,0.673543)
248	247	1994	57134681(-0.638202,0.687937)
247	249	1995	55144511(-0.696356,0.74433)
245	248	1992	36978671(-0.710984,0.813127)
244	248	1993	79804828(-0.489306,0.575344)
248	246	1995	64213156(-0.67491,0.971471)
249	240	1996	45630752(-0.544117,0.80727)
241	248	1996	77556972(-0.570279,0.628095)
245	249	1993	45489199(-0.635471,0.696662)
244	249	1992	61718091(-0.515241,0.673989)
248	245	1992	55405745(-0.618165,0.717773)
246	248	1995	53865997(-0.57737,0.74018)
249	245	1993	42405407(-0.792614,0.826197)
249	241	1997	56424921(-0.553927,0.703583)
248	240	1997	66348682(-0.550003,0.805855)
249	247	1995	36834776(-0.812244,1.08162)
240	248	1997	54410897(-0.549002,0.690858)
241	249	1997	43432656(-0.503587,0.601058)
246	249	1994	63086892(-0.456132,0.543544)
248	244	1993	50137218(-0.514127,0.796524)
240	249	1996	27204087(-0.729031,0.836961)
240	244	1994	48723331(-0.545156,0.799857)
245	242	1993	8651430(-0.929026,1.67006)
242	244	1992	44101473(-0.733453,0.858158)
246	243	1995	94891714(-0.452483,0.560701)
241	245	1994	36318805(-0.799008,0.965488)
243	245	1992	71770391(-0.535484,0.590337)
247	240	1993	15673597(-0.937423,1.45156)
244	242	1992	18230745(-0.898501,1.44775)
241	246	1993	68217991(-0.644069,0.712128)
241	243	1996	105281286(-0.413058,0.4585)
240	246	1992	40092233(-0.600728,0.780485)
244	247	1997	54537454(-0.622646,0.609603)
243	246	1995	32766450(-0.666817,0.869847)
244	241	1995	72883714(-0.496313,0.705069)
246	242	1994	416107(0,4)
247	242	1995	17961929(-0.866094,1)
243	241	1996	61668415(-0.584253,0.624485)
245	243	1992	106593453(-0.423592,0.424252)
240	245	1995	36756488(-0.783439,1.02568)
243	247	1994	55806205(-0.551908,0.546347)
242	245	1993	67678585(-0.562039,0.549994)
246	245	1997	40706208(-0.620595,0.812952)
242	240	1996	51567456(-0.615412,0.640017)
244	243	1993	48869543(-0.55164,0.59127)
244	246	1996	48318212(-0.518943,0.878428)
247	244	1997	34248146(-0.6894,0.858024)
246	244	1996	96822325(-0.538404,0.537911)
247	241	1992	40196671(-0.586466,0.5644)
245	240	1995	22871446(-0.813001,0.920968)
243	244	1993	18315330(-0.711151,1.60193)
243	240	1997	50246997(-0.522997,0.773361)
241	242	1997	5299831(0,3)
246	241	1993	84164036(-0.587738,0.830875)
242	247	1995	61911782(-0.571849,0.629669)
247	245	1996	34412980(-0.607713,0.726552)
242	241	1997	109870258(-0.472521,0.505479)
247	243	1994	89203899(-0.519044,0.605249)
245	241	1994	50642580(-0.512576,0.708488)
244	240	1994	75218129(-0.486272,0.604208)
246	240	1992	76416824(-0.421082,0.667431)
245	247	1996	54188757(-0.557674,0.792921)
242	246	1994	80435959(-0.463625,0.621106)
241	247	1992	64211386(-0.550461,0.899999)
240	242	1996	6021384(-0.963651,2.13824)
245	246	1997	67400749(-0.44816,0.593305)
240	243	1997	53961377(-0.605238,0.832413)
241	244	1995	34364356(-0.759108,0.901567)
240	247	1993	27027666(-0.64829,0.859166)
240	247	1992	91212829(-0.479898,0.500489)
247	242	1994	16386970(-0.780606,1.20454)
241	244	1994	28901642(-0.699348,1.07079)
244	246	1997	54691527(-0.575217,0.620041)
240	243	1996	57512183(-0.551747,0.676267)
241	245	1995	20027521(-0.800122,1.28084)
246	240	1993	40392993(-0.645275,0.870824)
245	241	1995	71511120(-0.487024,0.583075)
247	243	1995	109793121(-0.408514,0.54676)
247	241	1993	64216814(-0.717517,0.488987)
244	247	1996	47805101(-0.594262,1.08163)
245	246	1996	55702801(-0.657568,0.68751)
246	245	1996	54064628(-0.665666,0.874206)
247	240	1992	36305050(-0.770449,0.852112)
244	240	1995	80569546(-0.585909,0.508392)
243	241	1997	57113306(-0.549479,0.783992)
241	242	1996	15629594(-0.72759,1.322)
241	243	1997	106954645(-0.420621,0.475697)
242	246	1995	31893707(-0.673673,0.669325)
245	242	1992	33662428(-0.853977,1.23983)
244	241	1994	83526345(-0.472024,0.605145)
247	245	1997	19221385(-0.865806,1.43784)
241	247	1993	58174952(-0.533081,0.676274)
243	247	1995	26326656(-0.755402,1.16654)
240	244	1995	41951943(-0.686042,0.910146)
240	245	1994	28102405(-0.641549,0.889848)
244	243	1992	82457993(-0.445308,0.559873)
242	247	1994	47063462(-0.647423,0.807845)
247	244	1996	43499755(-0.589733,0.922944)
241	246	1992	76214771(-0.488938,0.540735)
242	241	1996	73202911(-0.53792,0.597932)
242	245	1992	46912638(-0.575532,0.855107)
245	247	1997	35128375(-0.764964,0.658272)
246	242	1995	6216104(-0.608093,2.43237)
245	243	1993	90942507(-0.487354,0.512955)
243	245	1993	24459400(-0.882752,1.01402)
243	240	1996	29926069(-0.624931,0.646105)
246	243	1994	56187159(-0.581356,0.530986)
244	242	1993	8760299(-0.683624,2.05087)
243	246	1994	31698425(-0.784221,1.15114)
246	244	1997	70865708(-0.710591,0.683794)
242	244	1993	41053059(-0.757818,1.08912)
245	240	1994	58498682(-0.577618,0.668663)
243	244	1992	58792484(-0.55395,0.755551)
242	240	1997	53365382(-0.516632,0.765473)
246	241	1992	55712603(-0.571316,0.723821)
240	246	1993	38253380(-0.799106,1.26934)
240	243	1992	146581439(-0.394327,0.477588)
246	246	1995	34763520(-0.718803,0.772898)
247	240	1996	60343062(-0.549213,0.560414)
241	242	1992	13200208(-0.906428,1.24079)
240	242	1993	17421793(-0.99149,1.99665)
242	245	1996	53176880(-0.627566,0.729584)
248	248	1995	50075024(-0.644242,0.689399)
244	245	1994	37858442(-0.654986,1.1086)
240	246	1997	58737128(-0.683555,0.759943)
241	243	1993	124246370(-0.426743,0.525187)
246	240	1997	87744538(-0.426847,0.690223)
243	242	1994	8333796(-0.805266,2.4158)
243	245	1997	48506489(-0.779146,0.903365)
245	244	1994	32669195(-0.745316,0.807042)
245	246	1992	53399741(-0.717487,0.784029)
246	245	1992	55900834(-0.695953,0.741351)
240	247	1996	71398398(-0.598789,0.792836)
247	247	1995	38766478(-0.726201,0.652065)
244	244	1995	60149618(-0.566636,0.61636)
245	247	1993	41284953(-0.649666,0.979232)
248	249	1994	73485637(-0.619074,0.793575)
244	242	1997	5879604(-0.810537,2.43161)
247	246	1994	30646612(-0.687065,1.20537)
245	245	1995	41651649(-0.67218,0.734838)
241	247	1997	51568799(-0.442218,0.852898)
240	241	1994	58228990(-0.516691,0.788722)
240	240	1995	54353144(-0.50777,0.688746)
246	244	1993	57400323(-0.594355,0.617991)
249	248	1994	44721170(-0.728491,1.05663)
246	241	1996	68745139(-0.463878,0.476569)
243	241	1993	22059746(-0.837722,1.35699)
242	240	1993	38500187(-0.845436,0.94785)
245	242	1996	5496415(-0.675099,2.0253)
247	241	1997	43997731(-0.544523,0.723963)
243	244	1996	45727647(-0.654561,1.41871)
242	244	1997	40848625(-0.630811,0.648566)
249	249	1995	29390449(-0.596098,0.815981)
244	243	1996	82496340(-0.479082,0.479529)
242	242	1995	14308738(-0.785338,1.32228)
241	246	1996	40943117(-0.526349,1.02438)
241	240	1994	37210284(-0.660551,0.868942)
247	245	1993	37107344(-0.583114,0.869538)
245	243	1997	122197712(-0.332249,0.454117)
241	241	1995	51239596(-0.653783,0.852578)
243	240	1992	47916828(-0.552654,0.678293)
244	247	1992	45956073(-0.641219,0.821598)
247	244	1992	51289842(-0.563635,0.924574)
243	243	1995	94465768(-0.493984,0.533235)
244	246	1993	43468204(-0.57202,0.801)
242	241	1992	124327826(-0.463823,0.438489)
242	243	1994	74254034(-0.42544,0.529373)
246	247	1994	45556460(-0.701842,0.706576)
248	244	1996	29599399(-0.906833,0.884954)
245	249	1996	39825558(-0.585237,1.03177)
241	248	1993	82993625(-0.491524,0.602854)
249	243	1994	82984036(-0.449953,0.623226)
248	243	1995	94888719(-0.459785,0.455074)
249	242	1995	20061764(-0.949967,1.33654)
249	244	1997	40009574(-0.896335,0.843857)
243	249	1994	17120561(-0.738134,1.1187)
248	240	1992	59931051(-0.551768,0.742205)
240	249	1993	39248305(-0.608772,0.896952)
245	248	1997	53288825(-0.608849,0.752787)
249	240	1993	55380946(-0.686891,0.814183)
240	248	1992	95325084(-0.497797,0.563533)
248	241	1993	54731474(-0.511318,0.888526)
248	242	1994	13587499(-0.740065,1.42971)
248	245	1997	70786796(-0.630825,0.755328)
249	241	1992	33240288(-0.734546,1.05781)
244	249	1997	58616141(-0.692564,0.714642)
243	248	1995	42922059(-0.700287,0.696879)
244	248	1996	65595242(-0.552977,0.691087)
241	249	1992	90300246(-0.514989,0.51235)
249	245	1996	74088401(-0.618885,0.598684)
242	249	1995	66238961(-0.545108,0.710953)
242	248	1994	67993055(-0.71727,0.769399)
249	244	1994	24005495(-0.727354,1.07374)
249	245	1995	26664222(-0.807222,1.35703)
242	249	1996	53783821(-0.667645,0.851939)
248	242	1997	7706089(-0.921193,1.84239)
244	249	1994	65325779(-0.574337,0.583313)
243	248	1996	66791819(-0.645565,0.689895)
248	244	1995	76395672(-0.613434,0.745316)
246	249	1992	47619211(-0.532666,0.747916)
245	248	1994	80552026(-0.545619,0.617853)
248	246	1993	58095776(-0.592728,0.5909)
248	245	1994	40440014(-0.688326,0.639899)
249	247	1993	95868961(-0.552893,0.649489)
247	249	1993	48422127(-0.763862,0.659794)
242	248	1997	41474806(-0.565407,0.68041)
249	246	1992	50908983(-0.655501,1.07418)
244	248	1995	56238206(-0.595391,0.787648)
243	249	1997	38795536(-0.569287,1.04314)
246	248	1993	95557798(-0.386657,0.555122)
249	242	1996	8928768(-0.84664,1.14863)
248	247	1992	54847312(-0.524518,0.804141)
249	243	1997	98596754(-0.494402,0.519046)
248	243	1996	90836435(-0.541754,0.48607)
245	249	1995	61624884(-0.582779,0.642692)
247	248	1992	19895084(-0.772519,0.937817)
247	242	1996	3928848(0,3)
243	243	1993	52398583(-0.603104,0.790993)
245	245	1993	41271418(-0.735744,1.38424)
242	240	1995	68813602(-0.434439,0.647611)
245	246	1994	47023885(-0.556519,0.880738)
241	245	1997	46730509(-0.6545,0.681446)
242	241	1994	85227137(-0.524963,0.560142)
247	246	1992	57017038(-0.465001,0.916246)
245	247	1995	60005252(-0.547885,1.11071)
249	248	1992	31785906(-0.797274,0.882056)
242	246	1997	60771466(-0.555231,0.679484)
243	240	1994	53367226(-0.658073,0.61471)
241	243	1995	119937365(-0.410814,0.463316)
249	249	1993	40244896(-0.555914,1.23947)
245	241	1997	102408593(-0.49526,0.53618)
242	242	1993	32107701(-0.855736,1.16385)
243	247	1997	46764971(-0.634868,0.891011)
244	246	1995	30565739(-0.644325,0.732633)
246	244	1995	32203627(-0.934133,0.914835)
245	244	1992	43966464(-0.634112,0.868536)
246	243	1996	114031805(-0.402544,0.55375)
248	248	1993	77937472(-0.480791,0.618027)
240	244	1997	75162182(-0.601865,0.653088)
242	243	1992	128031198(-0.38642,0.467875)
248	249	1992	59680545(-0.566101,0.755217)
241	244	1996	33440291(-0.725719,1.39826)
243	242	1992	9624210(-0.581299,1.9065)
246	246	1993	26977822(-0.822016,1.09903)
240	242	1995	14795047(-0.922612,1.23766)
247	243	1997	36785103(-0.627461,1.1884)
246	245	1994	62471225(-0.616831,0.80141)
247	244	1994	20960036(-0.801188,0.799663)
242	247	1996	9503685(-0.831487,1.42473)
241	242	1994	10563235(-0.700559,1.2966)
241	240	1992	42596817(-0.60442,0.84161)
244	244	1993	39084260(-0.669324,0.918653)
241	241	1993	72791741(-0.545899,0.780507)
244	240	1997	64773888(-0.537297,0.691959)
244	245	1992	30042767(-0.7387,0.925027)
246	247	1992	68718304(-0.493679,0.580758)
240	241	1992	68941413(-0.409049,0.61481)
243	246	1996	38266215(-0.691235,1.07458)
240	245	1996	39759470(-0.658563,0.74255)
246	242	1997	16654054(-0.908025,1.41928)
245	240	1996	39858784(-0.644991,0.833362)
244	241	1996	135686759(-0.393307,0.41872)
243	241	1995	51273416(-0.595703,0.678178)
247	245	1995	49879091(-0.674556,0.840582)
240	243	1994	86316226(-0.522332,0.548613)
247	247	1993	51054865(-0.681163,0.782003)
240	240	1993	57746189(-0.565618,0.889761)
244	247	1994	70023606(-0.580193,0.667511)
240	242	1994	8052024(-0.877732,2.51093)
244	247	1995	36503876(-0.703606,0.781541)
248	249	1993	54996306(-0.559565,0.830988)
240	244	1996	21404975(-0.715291,1.06039)
243	242	1993	18896087(-0.724371,1.44874)
240	245	1997	27823909(-0.805716,1.19383)
247	244	1995	48085239(-0.659286,0.831333)
242	242	1992	19842834(-0.958291,1.45206)
243	241	1994	16069368(-0.59177,1.53723)
248	248	1992	64952940(-0.497843,0.80742)
249	249	1992	55109460(-0.689912,0.721746)
242	241	1995	96648108(-0.454951,0.564562)
244	244	1992	62584967(-0.569715,0.626704)
246	247	1993	34183760(-0.828929,1.29984)
244	245	1993	41082702(-0.62743,0.835913)
242	246	1996	87381541(-0.491161,0.626063)
241	245	1996	43140821(-0.582393,0.708788)
249	248	1993	50997043(-0.698428,0.59919)
242	243	1993	66146115(-0.514773,0.607273)
241	242	1995	16019438(-0.99201,1.37397)
245	244	1993	29421539(-0.591912,1.09375)
247	242	1997	11437085(-0.586995,1.93498)
241	243	1994	123713761(-0.431879,0.626847)
246	245	1995	37824462(-0.650065,1.13893)
241	240	1993	73129575(-0.55852,0.609698)
244	240	1996	74869751(-0.562445,0.682647)
242	247	1997	37608490(-0.635923,0.786221)
245	240	1997	67529928(-0.613045,0.645997)
247	245	1994	18082590(-0.792534,1.08911)
243	246	1997	15671315(-0.933928,1.13308)
246	246	1992	46416392(-0.555583,0.722704)
240	241	1993	74253507(-0.494612,0.543594)
245	241	1996	91568924(-0.558387,0.577377)
245	245	1992	47899461(-0.602321,0.827969)
245	246	1995	36661176(-0.75916,0.904681)
244	246	1994	78206194(-0.466419,0.60787)
246	242	1996	13974891(-0.975785,1.55896)
246	243	1997	71249509(-0.447144,0.656151)
247	247	1992	43052770(-0.694698,1.15899)
247	246	1993	39863338(-0.627953,1.09121)
240	240	1992	57011984(-0.513791,0.471882)
241	244	1997	61720048(-0.518264,0.707695)
243	243	1992	69222703(-0.550233,0.595774)
241	241	1992	53534521(-0.568665,0.695751)
243	247	1996	36864797(-0.734155,1.05302)
244	241	1997	53774653(-0.584911,0.610902)
246	244	1994	46394174(-0.521153,0.649129)
242	240	1994	35574535(-0.769451,1.15373)
243	240	1995	25983968(-0.620047,0.940875)
240	243	1995	54688202(-0.629013,0.981587)
247	243	1996	82843572(-0.547812,0.669209)
245	247	1994	40797591(-0.670801,0.704866)
249	241	1993	77228145(-0.530547,0.480794)
249	244	1996	26120489(-0.648843,0.980197)
244	248	1997	59013205(-0.480532,1.00052)
242	249	1994	88957276(-0.465687,0.500011)
249	240	1992	63069570(-0.549687,0.755392)
243	248	1994	48481044(-0.694789,0.709253)
240	249	1992	87869386(-0.404158,0.538902)
244	249	1996	79865725(-0.394325,0.673773)
248	244	1997	69726150(-0.652855,0.522202)
248	241	1992	62775716(-0.634996,0.514482)
249	243	1995	65346373(-0.606187,0.786595)
242	248	1995	51112658(-0.564197,0.747553)
249	242	1994	14039179(-0.888047,1.19518)
248	240	1993	64092059(-0.567371,0.768857)
240	248	1993	90058163(-0.543241,0.471309)
248	245	1996	65364331(-0.593256,0.551131)
241	249	1993	68270580(-0.660481,0.77926)
243	249	1995	45643180(-0.638453,0.720529)
248	243	1994	55771895(-0.619043,0.633558)
249	245	1997	49060337(-0.553015,0.766618)
245	248	1996	53296177(-0.663804,0.674549)
241	248	1992	65611925(-0.657094,0.610496)
245	249	1997	54197557(-0.502323,0.489098)
248	242	1993	2399493(0,4)
249	246	1996	53505782(-0.596332,0.781521)
246	248	1997	69206720(-0.581269,0.677995)
241	249	1995	33089760(-0.790139,0.869251)
241	248	1994	32760074(-0.561774,0.696714)
249	240	1994	32245505(-0.771822,0.817508)
249	247	1997	43330715(-0.802666,0.932272)
248	240	1995	40135248(-0.694441,0.808454)
248	247	1996	48237410(-0.668203,0.858595)
243	248	1992	47457959(-0.576209,0.758139)
248	241	1994	37895998(-0.57352,0.783838)
246	249	1996	54005146(-0.647958,0.625509)
247	248	1996	40738995(-0.66042,0.992515)
249	243	1993	71863573(-0.508122,0.484974)
248	243	1992	108921850(-0.385476,0.51035)
249	242	1992	16721951(-0.779416,1.4656)
242	248	1993	70605661(-0.528687,0.573152)
240	248	1995	66516962(-0.589006,0.677726)
243	249	1993	43867567(-0.664672,0.894645)
247	249	1997	64524967(-0.598137,0.723894)
249	241	1995	70518720(-0.542569,0.897062)
240	249	1994	59480187(-0.653229,0.920392)
248	246	1997	33498478(-0.707489,0.680224)
242	249	1992	55143012(-0.497156,0.999426)
246	241	1995	40237136(-0.730251,0.710779)
243	247	1992	27610457(-0.704628,0.855747)
247	246	1997	27666591(-0.762332,0.930131)
243	244	1995	40785009(-0.686835,0.904382)
248	249	1997	67698220(-0.575473,0.664022)
244	241	1993	37939040(-0.666417,0.80261)
245	243	1994	91907329(-0.491797,0.636127)
246	247	1997	38642001(-0.65303,0.717957)
240	240	1996	47407988(-0.569771,0.713229)
243	243	1996	60969562(-0.561633,0.666284)
243	246	1993	31379659(-0.73038,0.814616)
242	245	1995	28594921(-0.64064,1.12427)
246	240	1994	35158620(-0.6409,1.02523)
247	247	1996	30258388(-0.704161,0.905327)
242	242	1996	17090176(-0.888386,1.43911)
249	249	1996	72951052(-0.606363,0.565176)
244	244	1996	50490462(-0.582733,0.796154)
241	241	1996	54742741(-0.574062,0.699663)
247	243	1992	45329023(-0.604868,0.775721)
244	242	1994	34405614(-0.651592,0.980449)
244	243	1995	120171871(-0.436091,0.620039)
240	245	1993	46795056(-0.697388,1.30171)
246	246	1996	64478180(-0.51557,0.571829)
245	245	1996	24734238(-0.970619,0.958835)
240	246	1994	72965681(-0.47933,0.748709)
241	246	1995	36402314(-0.656455,0.783333)
242	243	1997	76337418(-0.55649,0.736995)
247	241	1994	66554702(-0.751508,0.637409)
245	244	1997	75979782(-0.474831,0.627286)
243	242	1997	12928636(-0.698226,1.69035)
247	240	1995	37100176(-0.675795,0.854526)
241	245	1992	45341090(-0.605554,0.817991)
246	243	1993	105286872(-0.415617,0.432822)
240	241	1997	66145562(-0.578574,0.721731)
247	242	1993	3231530(0,4)
248	248	1996	27856043(-0.758753,1.00228)
242	246	1992	51178450(-0.577079,0.683731)
242	244	1994	49766481(-0.571258,1.26837)
241	244	1993	66221490(-0.60098,0.640675)
243	245	1994	26408664(-0.897096,0.987647)
249	248	1997	56769010(-0.49706,0.593862)
240	244	1992	47460515(-0.695197,0.850668)
244	245	1997	31322003(-0.737094,1.06083)
242	247	1993	50153302(-0.631164,0.815994)
245	240	1993	61600051(-0.601281,0.577384)
241	240	1997	71305126(-0.577748,0.664684)
241	247	1994	42055772(-0.607777,0.762082)
244	240	1992	28274095(-0.757832,1.07575)
246	242	1992	15540499(-0.986118,1.37499)
240	247	1995	48022301(-0.736851,1.0293)
245	241	1992	64203017(-0.543525,0.627566)
247	244	1993	58159298(-0.517281,0.638041)
242	242	1994	17484225(-0.71897,1.10385)
241	241	1994	54556122(-0.669511,0.898187)
245	247	1992	44906873(-0.652575,0.702761)
249	249	1994	38069927(-0.608128,0.713265)
242	245	1997	28503740(-0.785676,0.95723)
247	241	1996	53820484(-0.572315,0.84072)
242	240	1992	45727844(-0.691986,0.787318)
246	246	1994	29304537(-0.747456,0.788477)
245	244	1995	44900653(-0.646518,0.82198)
241	243	1992	85513840(-0.606978,0.902386)
241	247	1996	64033243(-0.524519,0.628916)
249	248	1995	25893607(-0.669329,0.798037)
244	245	1995	48499027(-0.571073,0.800216)
246	240	1996	61192324(-0.46671,0.504021)
247	246	1995	44151000(-0.805937,0.727112)
248	249	1995	52773974(-0.735087,0.899081)
244	244	1994	53817048(-0.525759,0.822948)
242	244	1996	33179477(-0.760681,1.19608)
247	247	1994	24625396(-0.677156,0.879866)
243	243	1994	80905949(-0.493988,0.589872)
240	246	1996	69658720(-0.56003,0.792997)
241	240	1995	43352693(-0.605871,0.739123)
244	243	1997	85951100(-0.476243,0.76375)
248	248	1994	54092051(-0.507803,0.59128)
246	247	1995	43240101(-0.722173,0.841051)
245	242	1997	24811643(-0.715557,0.946329)
241	242	1993	25735907(-0.906706,1.17281)
244	247	1993	82418072(-0.514128,0.595986)
242	241	1993	76163754(-0.44498,0.78496)
241	246	1997	64594847(-0.545492,0.652963)
245	243	1996	73337307(-0.460385,0.552221)
246	244	1992	48516426(-0.513976,0.81631)
247	245	1992	12348815(-0.988201,1.4874)
243	244	1997	55276411(-0.570754,1.0512)
247	240	1997	72511370(-0.629448,0.696186)
240	243	1993	132883226(-0.413681,0.51486)
246	245	1993	33917761(-0.618435,0.736476)
244	242	1996	16823508(-0.846578,0.978136)
245	245	1994	46389373(-0.652923,0.721075)
240	242	1992	28794073(-0.866467,1.63599)
245	246	1993	50525173(-0.54977,1.03095)
240	240	1994	48805788(-0.530996,0.595988)
243	242	1995	13875506(-0.813924,1.53984)
243	245	1996	35978739(-0.714157,0.657487)
242	243	1995	130606999(-0.432142,0.517025)
243	241	1992	46244912(-0.712222,0.797899)
240	247	1997	64614057(-0.693853,0.776556)
243	240	1993	43655869(-0.568178,0.915483)
240	241	1995	74295967(-0.609138,0.539986)
246	241	1997	110206982(-0.473859,0.434547)
244	246	1992	52079393(-0.694434,0.816204)
Time Taken(run query): 3560.53ms
query: q33
TIMES: 128[0==========10==========20==========30==========40==========50==========60==========70==========80==========90==========100==========110==========120========]
Time Taken(resample): 82774.3ms
235	231	1996	70136790(-0.579586,0.775453)
231	235	1996	79625943(-0.432464,0.663098)
235	235	1993	79091333(-0.524153,0.709407)
231	231	1993	54724316(-0.567114,0.680494)
231	231	1997	52610015(-0.594765,0.540909)
235	235	1997	79317916(-0.511785,0.615505)
231	235	1992	84718410(-0.487145,0.536419)
235	231	1992	63192921(-0.62842,0.685021)
231	235	1995	57912582(-0.567784,0.6948)
235	231	1995	61472318(-0.550383,0.603049)
231	235	1997	73745732(-0.586178,0.680044)
235	231	1997	86210796(-0.448482,0.51684)
231	235	1993	33423849(-0.638049,0.81585)
235	231	1993	44730298(-0.594019,0.758616)
235	235	1995	80246490(-0.399387,0.633132)
231	231	1995	56094750(-0.595627,0.742898)
231	231	1996	56443608(-0.541199,0.672638)
235	235	1996	92004771(-0.526161,0.694555)
235	235	1994	94552478(-0.430485,0.500247)
231	231	1994	38813711(-0.728648,0.544664)
231	235	1994	72160331(-0.565049,0.606659)
235	231	1994	48257174(-0.684117,0.79856)
231	231	1992	48633803(-0.625798,0.747746)
235	235	1992	57844295(-0.547274,0.799246)
Time Taken(run query): 3448.82ms
query: q34
TIMES: 128[0==========10==========20==========30==========40==========50==========60==========70==========80==========90==========100==========110==========120========]
Time Taken(resample): 98694ms
235	231	1997	7032813(-0.798454,1.83047)
231	231	1997	5908029(-0.93992,2)
235	235	1997	6820053(-0.930323,2.86065)
Time Taken(run query): 3050.39ms
query: q41
TIMES: 128[0==========10==========20==========30==========40==========50==========60==========70==========80==========90==========100==========110==========120========]
Time Taken(resample): 96113.7ms
1994	17	10059706571(-0.0442465,0.0471172)
1993	24	10059104002(-0.0482299,0.0481184)
1998	17	5417951548(-0.0684707,0.0730657)
1997	24	10380991950(-0.0453865,0.0439455)
1994	24	9742231866(-0.0530754,0.0612263)
1995	17	9442207321(-0.0581421,0.0569067)
1998	2	5358617136(-0.0741179,0.0666981)
1997	1	9834135079(-0.0572402,0.0542344)
1998	24	5806726756(-0.0730993,0.0880791)
1996	17	9720085310(-0.0523929,0.045354)
1996	24	9999800306(-0.053577,0.0639112)
1995	24	9818440175(-0.0500112,0.0539248)
1995	1	9548636597(-0.0458947,0.0610118)
1993	3	9754277048(-0.0523841,0.0457608)
1992	2	9241877689(-0.0627812,0.0475479)
1995	3	10024422932(-0.0577414,0.0436537)
1993	1	10047205160(-0.0557361,0.0557506)
1994	2	9303902867(-0.0379675,0.0490244)
1992	17	9494573505(-0.0555594,0.0584223)
1994	1	10141821441(-0.0492664,0.0515269)
1993	2	9057962411(-0.0407836,0.0529832)
1992	3	9746312266(-0.0457472,0.0564028)
1997	17	9255646165(-0.0449268,0.0607928)
1992	24	10045125836(-0.0469659,0.0550262)
1993	17	9163772977(-0.0518895,0.0505963)
1997	3	10629317469(-0.042799,0.049115)
1996	2	8826550669(-0.0571253,0.0448448)
1995	2	9207629354(-0.0465546,0.0511394)
1992	1	9671947837(-0.0495023,0.0412959)
1994	3	10069331565(-0.0439442,0.0416565)
1996	1	10212918716(-0.0441571,0.0541156)
1998	3	5579204407(-0.0727353,0.0776682)
1996	3	9931405822(-0.0501075,0.0528399)
1997	2	9283612380(-0.0433243,0.0410631)
1998	1	5895594450(-0.0608164,0.0577414)
Time Taken(run query): 7224.29ms
query: q42
TIMES: 128[0==========10==========20==========30==========40==========50==========60==========70==========80==========90==========100==========110==========120========]
Time Taken(resample): 99290ms
1997	17	0	958145501(-0.200542,0.15877)
1997	24	9	1071035405(-0.139264,0.156191)
1998	17	3	550857596(-0.183445,0.246672)
1997	24	4	1030530198(-0.121293,0.165644)
1998	24	7	468502839(-0.181275,0.190718)
1997	17	6	1015081991(-0.183742,0.150135)
1998	17	5	501352224(-0.22469,0.190591)
1998	3	8	562106399(-0.207758,0.209997)
1998	2	9	560661789(-0.188853,0.201525)
1997	1	9	884657239(-0.168798,0.162853)
1997	24	6	1075049982(-0.134256,0.132928)
1998	24	5	512693558(-0.197431,0.237181)
1998	3	2	463833024(-0.247974,0.259636)
1997	2	0	1210023045(-0.150797,0.124471)
1998	1	0	466323007(-0.223199,0.177432)
1998	2	3	682040665(-0.174151,0.191839)
1997	3	1	991987935(-0.16391,0.166353)
1997	1	3	974821543(-0.167075,0.236932)
1998	24	3	629088945(-0.185432,0.23735)
1997	17	9	913285862(-0.170436,0.182146)
1997	24	0	1045476291(-0.175113,0.192917)
1997	24	3	1036732625(-0.162737,0.188348)
1998	24	0	563730353(-0.193152,0.251623)
1998	17	9	579856971(-0.165395,0.22727)
1997	17	3	938034039(-0.189234,0.179654)
1998	24	9	558510981(-0.152775,0.2575)
1998	17	0	609544940(-0.219819,0.167485)
1998	3	3	557259831(-0.186684,0.199153)
1998	1	1	441021599(-0.234995,0.296544)
1998	2	2	672461787(-0.192254,0.259354)
1997	2	1	1031398831(-0.135332,0.158465)
1997	3	0	928786448(-0.170516,0.200348)
1997	1	2	1007033549(-0.15087,0.165817)
1998	1	9	537121853(-0.234156,0.255308)
1997	2	9	1086369893(-0.161364,0.169255)
1997	3	8	990861246(-0.145902,0.169422)
1998	24	1	539678746(-0.235656,0.192971)
1997	24	2	903652266(-0.173531,0.171734)
1998	17	8	569726993(-0.173398,0.19788)
1997	3	9	967694140(-0.16195,0.170041)
1997	2	8	1139180914(-0.137006,0.159154)
1998	1	8	525079658(-0.144982,0.227124)
1998	17	7	544204420(-0.214469,0.235569)
1997	17	4	1053808641(-0.137394,0.169757)
1998	24	8	588013715(-0.177351,0.271718)
1998	17	1	492423113(-0.202208,0.237146)
1997	17	2	998117362(-0.161445,0.142526)
1998	2	4	609351447(-0.18219,0.222247)
1997	2	7	1182988621(-0.132751,0.160505)
1997	3	6	1060627663(-0.159616,0.16804)
1998	1	7	590061048(-0.228059,0.2647)
1998	3	5	647934763(-0.181324,0.244293)
1997	1	4	896812810(-0.184187,0.169443)
1998	24	4	530143996(-0.207389,0.222328)
1997	24	7	1017049083(-0.189258,0.140603)
1997	17	1	968335236(-0.162498,0.144957)
1998	17	2	574141959(-0.191304,0.231767)
1997	24	8	956995382(-0.132773,0.117926)
1998	3	4	545322171(-0.175512,0.267269)
1998	1	6	494271311(-0.226014,0.259085)
1997	1	5	900601640(-0.150093,0.161342)
1997	3	7	890831818(-0.151238,0.179931)
1997	2	6	984011386(-0.147069,0.154167)
1998	2	5	672873797(-0.15167,0.178398)
1998	1	5	552853347(-0.241699,0.209916)
1998	3	7	549768905(-0.202028,0.203474)
1997	2	5	1090996883(-0.109425,0.142299)
1997	3	4	899293539(-0.175504,0.22246)
1997	1	6	1002212704(-0.166976,0.159357)
1998	2	6	630553447(-0.1635,0.211769)
1998	3	9	515053927(-0.199935,0.236046)
1997	1	8	894032797(-0.162466,0.15361)
1998	2	8	633108957(-0.167599,0.185056)
1997	3	5	919544234(-0.142402,0.244834)
1997	2	4	1160496422(-0.115571,0.159195)
1998	1	4	452855813(-0.235399,0.193012)
1997	1	7	823954843(-0.17646,0.186928)
1998	3	6	516915235(-0.215473,0.181093)
1998	2	7	734287375(-0.205163,0.229395)
1998	24	6	657306169(-0.163307,0.193518)
1997	24	5	944769483(-0.145847,0.132263)
1998	3	1	529883221(-0.170825,0.288103)
1998	1	3	602463665(-0.187746,0.235198)
1998	2	0	523841793(-0.177933,0.244158)
1997	3	2	835300179(-0.175481,0.135152)
1997	1	0	847462288(-0.152949,0.171558)
1997	2	3	1079241348(-0.164891,0.137867)
1998	17	4	593373704(-0.191893,0.185603)
1997	17	7	1009080606(-0.135744,0.149192)
1998	3	0	515429489(-0.241687,0.210339)
1997	1	1	896327507(-0.153834,0.184827)
1998	1	2	507495018(-0.208508,0.226406)
1997	2	2	1006837619(-0.136988,0.139892)
1997	3	3	863413364(-0.196452,0.144897)
1998	2	1	680533662(-0.133421,0.125507)
1997	17	5	972357024(-0.180624,0.160344)
1998	17	6	482348002(-0.196559,0.243401)
1997	24	1	969582326(-0.1899,0.196291)
1998	24	2	539827070(-0.176862,0.222021)
1997	17	8	1058781292(-0.157353,0.150741)
Time Taken(run query): 5431.96ms
query: q43
TIMES: 128[0==========10==========20==========30==========40==========50==========60==========70==========80==========90==========100==========110==========120========]
Time Taken(resample): 105231ms
1997	248	126	4798483(0,3)
1997	248	123	3336346(0,3)
1998	249	126	5612850(0,3)
1997	249	123	640220(0,4)
1998	248	121	316601(0,2)
1998	242	139	4759199(0,3)
1997	241	139	16681724(-0.75502,1.32207)
1997	244	142	6381050(-0.813648,2.3727)
1998	248	129	10091871(-0.891451,2.7829)
1997	247	141	7858280(-0.819483,2.63897)
1997	240	138	535510(0,4)
1997	248	130	11175181(-0.845969,1.81592)
1997	249	131	5205130(-0.881536,2.88154)
1997	249	145	3007242(0,4)
1998	243	152	2784624(0,3)
1997	247	159	2643820(0,5)
1997	241	153	942192(0,3)
1998	240	155	65040(0,4)
1997	243	155	2833396(-0.569472,1.56947)
1997	244	156	6029840(-0.767698,2.07079)
1998	245	158	3851247(0,3)
1998	243	155	2812477(-0.567633,1.43237)
1997	247	156	12897337(-0.776505,1.31691)
1997	249	146	3481582(0,3)
1997	243	152	1821386(0,2)
1998	245	157	4545275(0,3)
1998	248	143	10420028(-0.741386,2.74139)
1997	240	132	4550838(0,3)
1998	243	132	4956699(0,4)
1997	243	135	6980130(-0.502848,1.50854)
1997	248	140	6257394(-0.850104,2.1499)
1997	249	141	11299694(-0.659764,2)
1998	246	129	1654629(0,3)
1997	246	122	14680567(-0.534361,1.67181)
1997	244	120	6751751(0,4)
1997	241	125	17112948(-0.704737,1.46752)
1997	243	127	6653073(-0.859646,1.66683)
1998	240	127	6377302(0,3)
1998	244	123	2764062(0,3)
1998	241	126	4056905(0,4)
1997	245	151	6716365(-0.866879,2.46751)
1997	243	145	8244511(-0.901955,1.78636)
1997	247	149	4382699(0,4)
1997	246	148	2296208(-0.807409,2.22964)
1997	240	146	690147(0,4)
1998	240	145	9823511(-0.831864,2.32745)
1998	246	151	9295477(-0.983767,1.15033)
1997	241	147	6820094(0,4)
1998	243	146	4635444(0,4)
1998	241	144	6152111(0,3)
1997	240	144	1844534(0,3)
1997	245	149	4855520(0,4)
1998	246	149	2850785(0,4)
1998	249	154	5499746(0,3)
1998	248	155	4332485(-0.699392,1.79757)
1998	240	147	4477380(0,2)
1998	244	151	298283(0,4)
1998	241	146	7614706(-0.513398,1.4866)
1997	241	145	7497956(-0.60514,1.60514)
1997	246	150	9131878(-0.719735,1.87894)
1997	241	129	2605586(0,3)
1997	240	128	4361724(0,4)
1997	245	133	8200372(0,3)
1997	246	134	8480597(0,4)
1998	243	128	4248785(0,4)
1998	241	130	2904455(0,4)
1998	244	135	3479769(0,2)
1997	247	135	3540150(-0.896659,2.58664)
1997	248	136	4598701(0,4)
1998	243	141	11170589(-0.545762,1.72881)
1998	248	134	12802272(-0.601833,1.8055)
1997	243	142	8411518(0,4)
1997	247	138	13815001(-0.839427,1.22289)
1997	245	136	8179124(-0.777244,2.88622)
1997	241	140	3741741(0,4)
1997	240	141	4194441(0,3)
1997	242	143	2497045(0,4)
1997	246	144	5773207(-0.518404,2.03681)
1998	249	156	2791588(-0.509901,2.0198)
1997	241	151	7546363(0,3)
1997	243	149	15556962(-0.920018,1.21219)
1997	247	145	4185054(0,3)
1997	240	150	1828949(0,4)
1998	248	126	3333659(-0.986623,2.95987)
1997	248	125	6651492(-0.5267,2)
1997	249	124	4305340(-0.922198,2.44043)
1997	242	123	2802731(0,3)
1997	241	120	4664535(0,4)
1998	241	123	2039347(0,3)
1997	240	121	1597072(0,4)
1997	243	122	1153860(0,2)
1998	246	124	8856008(-0.828589,2.82859)
1998	243	121	3251435(0,3)
1997	247	140	1768537(0,3)
1998	248	128	2588576(0,4)
1997	243	136	7837732(-0.724011,1.89604)
1997	240	139	656853(0,5)
1997	241	138	6644799(0,3)
1997	244	143	2965160(0,4)
1997	248	131	9685435(-0.769173,2.84586)
1998	241	137	5776196(0,3)
1997	245	142	5532883(-0.933333,2.73333)
1997	240	122	6801741(-0.715107,2)
1997	243	121	6440630(0,4)
1998	240	121	4100633(0,3)
1998	244	125	1824660(0,4)
1997	241	123	754642(0,4)
1997	244	126	3202796(0,5)
1998	245	124	1489171(0,3)
1998	247	126	623120(0,3)
1997	245	127	3728566(0,3)
1998	246	127	2716635(0,4)
1998	244	129	5535938(0,5)
1998	240	133	15999266(-0.96534,1.98062)
1998	248	141	6279705(0,3)
1998	245	128	10600181(-0.54453,1.82188)
1997	247	129	4100795(0,3)
1998	247	154	5120766(0,3)
1998	241	156	4003019(0,4)
1997	248	150	1152532(0,2)
1997	244	154	3235219(0,3)
1997	245	155	4504398(0,3)
1998	244	153	308439(0,3)
1997	241	159	7079081(-0.798393,1.90252)
1997	249	151	3851971(0,4)
1998	248	151	4222801(-0.5048,2.5048)
1998	249	150	7556859(-0.601472,2.20294)
1998	245	154	1151901(0,3)
1997	243	159	3775432(0,3)
1998	241	158	7040501(-0.658321,2.31664)
1997	240	156	3168291(0,4)
1998	243	156	43206(0,3)
1998	240	159	7197639(-0.538537,2)
1997	248	149	6808381(-0.756613,1.47143)
1997	246	155	4029719(0,3)
1997	243	158	473535(0,3)
1997	247	154	2619319(0,3)
1998	241	159	8017974(0,4)
1997	241	156	16659953(-0.874045,1.62466)
1997	245	152	11549967(-0.557235,2.11447)
1997	244	153	1349232(0,3)
1997	240	157	5043087(0,3)
1997	246	138	890299(0,3)
1997	244	136	1367275(-0.968819,2.93764)
1997	245	137	1317111(0,3)
1997	249	133	3370233(0,5)
1998	240	143	3069562(0,2)
1998	245	138	218622(0,3)
1998	248	135	1404768(0,3)
1998	243	140	2692512(-0.501206,2.00241)
1997	243	143	4198340(-0.779463,2.11785)
1997	243	124	4709951(0,4)
1997	244	123	6717739(-0.823893,2)
1998	245	121	3527127(0,4)
1997	240	127	2856945(0,3)
1998	243	127	1950181(0,4)
1997	246	121	5639910(-0.52173,1.95654)
1997	245	156	1104292(0,3)
1998	241	155	1573271(0,3)
1997	246	159	8160085(-0.800016,1.78278)
1998	245	159	1717045(0,3)
1997	248	145	6600149(-0.695991,2.47995)
1997	240	153	10346657(-0.593839,1.40616)
1998	244	158	3566625(0,3)
1997	249	144	576371(0,3)
1997	241	152	4241477(0,3)
1997	243	154	6178788(-0.571209,2)
1998	240	139	344666(0,4)
1998	243	136	10353786(-0.798162,1.96325)
1998	246	141	4849134(0,3)
1998	245	142	3700279(0,2)
1998	241	138	8038051(-0.550064,2.10013)
1998	247	140	6775916(0,4)
1997	240	136	2734996(0,2)
1997	249	129	2454149(0,3)
1997	243	139	3901894(0,3)
1997	248	128	5994770(-0.561049,2.1221)
1997	244	127	6398369(0,3)
1998	241	121	6823484(0,4)
1998	246	126	12192419(-0.764091,1.58772)
1998	240	120	8249823(0,5)
1997	240	123	4159155(0,4)
1998	244	124	1979177(0,3)
1997	247	124	9383538(-0.605469,2.18359)
1997	246	125	2968875(0,3)
1998	243	123	8887585(-0.678137,2)
1997	243	120	14434903(-0.5681,2.1362)
1997	247	150	7550836(0,3)
1997	248	153	6017647(-0.800012,2.20005)
1997	244	149	14444633(-0.789053,1.25259)
1997	249	152	5934228(0,4)
1997	241	144	6870298(-0.785942,2.21406)
1998	241	147	2797698(0,4)
1997	240	145	2800809(0,3)
1998	248	154	3984336(0,4)
1998	240	146	1423703(0,4)
1997	242	147	4804254(0,3)
1997	240	148	1756520(0,3)
1998	249	158	6661424(0,3)
1998	245	146	5567974(0,3)
1998	247	144	7687708(-0.644105,2.28821)
1997	248	156	5475623(0,3)
1997	243	151	494524(-0.921727,2.68691)
1997	246	146	3658283(-0.613901,2.1583)
1998	240	151	2660402(0,3)
1997	243	140	5666596(0,2)
1997	240	143	813558(0,3)
1998	244	136	322314(0,4)
1997	244	139	4623385(0,3)
1997	247	136	3771881(0,3)
1997	249	134	10181484(-0.766086,1.76609)
1998	242	142	1518831(0,5)
1997	241	127	7947278(0,3)
1997	243	125	17945832(-0.952684,1.85805)
1998	241	124	4977552(0,3)
1997	240	126	7126075(0,4)
1998	247	122	2074909(0,3)
1997	245	123	7188541(-0.74321,2)
1998	244	121	4842119(0,3)
1998	243	126	3290920(0,4)
1997	240	154	615826(0,3)
1997	247	157	6007311(0,4)
1997	249	147	6705541(-0.620219,2.24044)
1998	249	144	5884890(0,3)
1998	245	156	8140152(0,5)
1998	241	152	847273(0,3)
1997	245	159	8387883(-0.562052,2.24821)
1997	241	155	13296682(-0.571558,1.57156)
1998	247	129	4242290(0,3)
1997	248	141	7238584(-0.919774,2.91977)
1997	242	135	903522(0,3)
1997	245	128	1470320(0,5)
1998	240	134	1178569(0,3)
1997	243	134	7655959(-0.574603,2.4254)
1997	240	133	10498887(-0.868574,1.61533)
1997	241	132	5201108(0,3)
1998	241	135	11727044(-0.701903,2.80761)
1997	249	140	523875(0,2)
1998	249	143	2244027(0,4)
1998	248	137	1497018(0,4)
1997	240	130	205995(0,3)
1997	243	129	5106159(-0.581274,2.16255)
1997	249	139	5038547(0,4)
1998	244	133	1366271(0,3)
1997	241	131	3010778(0,3)
1997	241	136	4016662(-0.955255,2.82102)
1997	243	138	4717984(0,4)
1998	241	139	13051107(-0.633386,2.90016)
1997	240	137	4295889(0,3)
1997	246	143	490771(0,4)
1998	246	140	7760346(0,3)
1997	244	141	3258412(0,3)
1997	249	128	6516897(0,3)
1998	247	141	4607397(0,3)
1998	243	137	6188659(-0.595635,1.38254)
1997	247	142	585232(0,3)
1997	240	120	6605321(0,2)
1997	247	127	4499950(-0.778443,1.77844)
1998	244	127	7523403(-0.773583,2.32075)
1998	247	124	1423365(0,4)
1997	245	125	5839493(0,3)
1998	241	145	5182713(0,3)
1998	245	149	5978161(0,6)
1997	246	149	2030219(0,3)
1998	243	147	3058985(0,3)
1998	246	150	5491112(0,4)
1997	243	144	10184683(-0.519272,1.51927)
1998	247	151	790565(0,3)
1998	249	153	2654344(0,5)
1997	248	155	960364(0,3)
1997	240	147	5296267(-0.883105,2.03871)
1997	241	146	6169729(0,3)
1997	244	151	1809164(0,3)
1998	243	135	920797(0,3)
1997	247	128	1982742(0,3)
1997	243	132	4953490(0,4)
1998	249	141	5628246(0,3)
1998	248	140	4733689(0,3)
1997	242	133	6877930(0,4)
1998	247	131	5036951(-0.693361,1.38672)
1998	241	133	2173777(0,3)
1998	241	157	14604370(-0.893147,2.12293)
1997	248	151	11723128(-0.733275,2.73328)
1998	243	159	2478526(0,4)
1998	246	154	4087165(0,3)
1997	243	141	1555386(0,3)
1998	240	141	10515117(-0.649279,2.29856)
1998	249	132	1475367(0,3)
1997	248	134	932391(0,3)
1997	246	136	9776436(-0.755011,1.92734)
1998	243	142	2126068(0,3)
1997	247	137	66670(0,4)
1998	242	143	3970911(0,3)
1998	248	133	7194425(0,4)
1998	247	138	4022974(0,3)
1997	241	128	6572887(0,2)
1997	244	133	2679199(0,4)
1997	246	135	1601088(0,4)
1997	247	134	3652777(0,4)
1997	243	130	8693337(-0.932933,1.71519)
1997	248	137	5463019(0,3)
1998	248	138	4793922(-0.839154,1.83915)
1998	244	134	3092105(0,3)
1997	240	151	2138945(0,3)
1997	245	146	3235232(0,6)
1998	245	145	4261638(0,3)
1997	243	148	6248337(-0.727217,1.72722)
1997	249	158	3074705(0,3)
1997	248	159	12321589(-0.901174,1.90117)
1997	241	150	6617526(0,4)
1997	244	147	3928653(0,2)
1998	241	149	6475372(0,3)
1997	247	144	9251584(-0.606095,2)
1998	247	135	5442249(0,4)
1997	249	138	4599584(0,3)
1997	240	131	2553466(0,3)
1998	248	136	2146569(0,5)
1998	243	149	393376(0,3)
1997	243	150	3436728(0,2)
1998	241	151	5504475(0,4)
1997	246	147	6840777(-0.759949,1.72015)
1997	247	122	3060610(0,3)
1997	240	125	7272442(-0.632231,2.26446)
1997	245	120	4188352(0,3)
1997	246	123	1980803(0,4)
1998	241	127	9239938(-0.685162,1.37032)
1998	242	124	1085474(0,3)
1997	249	126	5994654(-0.904368,2)
1997	249	120	2410165(0,3)
1997	249	121	4978146(0,2)
Time Taken(run query): 4428.79ms


total time taken: 5834.105006s