make: 'bin/ssb/q11_crystal_bootstrap' is up to date.
make: 'bin/ssb/q12_crystal_bootstrap' is up to date.
make: 'bin/ssb/q13_crystal_bootstrap' is up to date.
make: 'bin/ssb/q21_crystal_bootstrap' is up to date.
make: 'bin/ssb/q22_crystal_bootstrap' is up to date.
make: 'bin/ssb/q23_crystal_bootstrap' is up to date.
make: 'bin/ssb/q31_crystal_bootstrap' is up to date.
make: 'bin/ssb/q32_crystal_bootstrap' is up to date.
make: 'bin/ssb/q33_crystal_bootstrap' is up to date.
make: 'bin/ssb/q34_crystal_bootstrap' is up to date.
make: 'bin/ssb/q41_crystal_bootstrap' is up to date.
make: 'bin/ssb/q42_crystal_bootstrap' is up to date.
make: 'bin/ssb/q43_crystal_bootstrap' is up to date.
Using device 0: TITAN RTX (PTX version 750, SM750, 72 SMs, 23893 free / 24220 total MB physmem, 672.096 GB/s @ 7001000 kHz mem clock, ECC off)
TIMES: 128[0==========10==========20==========30==========40==========50==========60==========70==========80==========90==========100==========110==========120========]
Time Taken(resample): 1028.39ms
446268068091 (-0.00796073, 0.00991241)
Time Taken(run query): 21.1015ms
total time: 1083.95ms
Using device 0: TITAN RTX (PTX version 750, SM750, 72 SMs, 23893 free / 24220 total MB physmem, 672.096 GB/s @ 7001000 kHz mem clock, ECC off)
TIMES: 128[0==========10==========20==========30==========40==========50==========60==========70==========80==========90==========100==========110==========120========]
Time Taken(resample): 1026.07ms
98314553869 (-0.0349839, 0.0333542)
Time Taken(run query): 21.0485ms
total time: 1079.23ms
Using device 0: TITAN RTX (PTX version 750, SM750, 72 SMs, 23893 free / 24220 total MB physmem, 672.096 GB/s @ 7001000 kHz mem clock, ECC off)
TIMES: 128[0==========10==========20==========30==========40==========50==========60==========70==========80==========90==========100==========110==========120========]
Time Taken(resample): 1026.16ms
24994512533 (-0.0846276, 0.0720881)
Time Taken(run query): 21.0039ms
total time: 1078.82ms
Using device 0: TITAN RTX (PTX version 750, SM750, 72 SMs, 23893 free / 24220 total MB physmem, 672.096 GB/s @ 7001000 kHz mem clock, ECC off)
TIMES: 128[0==========10==========20==========30==========40==========50==========60==========70==========80==========90==========100==========110==========120========]
Time Taken(resample): 1024.65ms
746865248(-0.187373,0.247265)	1992	79
626675065(-0.148652,0.188183)	1993	78
520323291(-0.180923,0.21913)	1994	77
589898863(-0.195637,0.191423)	1995	76
630860194(-0.197683,0.232862)	1996	75
573174345(-0.206491,0.211513)	1997	74
444282537(-0.219923,0.299095)	1998	73
730419745(-0.187681,0.173186)	1993	79
577189974(-0.210395,0.187004)	1992	78
513659003(-0.183007,0.252264)	1995	77
605570052(-0.247946,0.228655)	1994	76
559478622(-0.1384,0.197809)	1997	75
623234488(-0.227612,0.172784)	1996	74
332307316(-0.256488,0.280383)	1998	72
826205447(-0.186702,0.159672)	1994	79
630727618(-0.195166,0.233636)	1995	78
562479392(-0.210051,0.19725)	1992	77
557938125(-0.172832,0.193935)	1993	76
320125331(-0.292897,0.28558)	1998	75
724594584(-0.177953,0.261465)	1996	73
630175869(-0.162852,0.194762)	1997	72
779785177(-0.191794,0.207326)	1995	79
604578088(-0.213993,0.192321)	1994	78
489449419(-0.227463,0.177671)	1993	77
528499174(-0.15507,0.239792)	1992	76
361972429(-0.241567,0.246315)	1998	74
725502031(-0.162159,0.171667)	1997	73
538853702(-0.165528,0.197324)	1996	72
835393032(-0.177877,0.182076)	1996	79
688093278(-0.222508,0.184758)	1997	78
252431495(-0.273661,0.310389)	1998	77
608850090(-0.177224,0.208224)	1992	75
638832639(-0.192688,0.173947)	1993	74
635021247(-0.203216,0.200636)	1994	73
529519219(-0.243767,0.184208)	1995	72
641815881(-0.175358,0.194055)	1997	79
583815824(-0.178528,0.215725)	1996	78
309277110(-0.221948,0.316352)	1998	76
506928496(-0.219372,0.190114)	1993	75
584148212(-0.217426,0.225368)	1992	74
651091002(-0.146054,0.194257)	1995	73
639189421(-0.231522,0.198967)	1994	72
344323596(-0.277342,0.247745)	1998	79
487116475(-0.26644,0.222259)	1996	77
712715807(-0.190957,0.202734)	1997	76
642980782(-0.211458,0.184476)	1994	75
666334343(-0.177898,0.231093)	1995	74
596447019(-0.204113,0.19879)	1992	73
594584747(-0.183645,0.167345)	1993	72
400175060(-0.208354,0.253633)	1998	78
482196735(-0.258013,0.259884)	1997	77
532629466(-0.200579,0.223402)	1996	76
647244672(-0.166178,0.204006)	1995	75
611832776(-0.226204,0.180383)	1994	74
721612619(-0.14173,0.16994)	1993	73
683613372(-0.204977,0.171565)	1992	72
659161892(-0.181539,0.280151)	1992	71
529316086(-0.174209,0.19844)	1993	70
563001857(-0.241391,0.193705)	1994	69
683773925(-0.17807,0.227201)	1995	68
603695897(-0.211415,0.233531)	1996	67
593503484(-0.246138,0.188895)	1997	66
409641268(-0.225895,0.208343)	1998	65
690397017(-0.180087,0.172467)	1993	71
505686238(-0.207632,0.233251)	1992	70
579595422(-0.153877,0.223068)	1995	69
641371289(-0.191808,0.223714)	1994	68
568070353(-0.223751,0.218652)	1997	67
518373679(-0.161209,0.244326)	1996	66
385398450(-0.245507,0.224291)	1998	64
609120342(-0.192489,0.224914)	1994	71
580677285(-0.168569,0.216775)	1995	70
570770198(-0.215161,0.179083)	1992	69
592683823(-0.201167,0.219553)	1993	68
332407803(-0.221655,0.210301)	1998	67
726889790(-0.187384,0.211915)	1996	65
588092176(-0.168537,0.188389)	1997	64
754888206(-0.162779,0.201608)	1995	71
558960930(-0.197317,0.156252)	1994	70
611418892(-0.231994,0.17113)	1993	69
587150187(-0.192948,0.259064)	1992	68
303716004(-0.293426,0.366346)	1998	66
660816107(-0.206985,0.198604)	1997	65
631090018(-0.258324,0.144887)	1996	64
714332490(-0.207443,0.167557)	1996	71
608082993(-0.177051,0.211453)	1997	70
353565310(-0.321427,0.252684)	1998	69
550885740(-0.187595,0.235623)	1992	67
602400666(-0.216841,0.210539)	1993	66
568169373(-0.224558,0.18127)	1994	65
555536546(-0.221091,0.225587)	1995	64
743199484(-0.186016,0.211293)	1997	71
562430152(-0.185751,0.253611)	1996	70
368823103(-0.262138,0.289895)	1998	68
719167762(-0.19389,0.188526)	1993	67
572245240(-0.177131,0.157475)	1992	66
664045591(-0.225591,0.195023)	1995	65
501363149(-0.220681,0.238483)	1994	64
372917351(-0.239897,0.315986)	1998	71
573470062(-0.166062,0.182236)	1996	69
603174395(-0.170459,0.238165)	1997	68
475284326(-0.214949,0.20006)	1994	67
581628958(-0.217457,0.332612)	1995	66
635218940(-0.217061,0.229788)	1992	65
549938447(-0.207017,0.180145)	1993	64
346221257(-0.245589,0.33326)	1998	70
630192313(-0.186723,0.232436)	1997	69
615060386(-0.188367,0.193323)	1996	68
687814225(-0.162981,0.137527)	1995	67
553443907(-0.177731,0.206225)	1994	66
642279785(-0.139527,0.242255)	1993	65
563126392(-0.169601,0.210999)	1992	64
590431516(-0.160627,0.247213)	1997	50
335711347(-0.316609,0.275564)	1998	49
606629750(-0.205253,0.194007)	1996	51
536000654(-0.235821,0.251903)	1995	52
612419617(-0.18419,0.172426)	1994	53
620609133(-0.196972,0.215814)	1993	54
643585438(-0.234867,0.226847)	1992	55
731875461(-0.171837,0.209874)	1996	50
319373807(-0.308635,0.251662)	1998	48
657789687(-0.194204,0.271573)	1997	51
496881467(-0.213285,0.234534)	1994	52
562296487(-0.160185,0.198667)	1995	53
648939249(-0.193947,0.223481)	1992	54
582264380(-0.197709,0.213373)	1993	55
595542754(-0.194069,0.173109)	1996	49
584183981(-0.198132,0.257399)	1997	48
416853200(-0.235505,0.281862)	1998	51
537628554(-0.185124,0.241839)	1993	52
616842823(-0.166714,0.180217)	1992	53
560291443(-0.16484,0.236175)	1995	54
617308453(-0.214483,0.176301)	1994	55
381413406(-0.270882,0.268615)	1998	50
668802804(-0.226849,0.255247)	1997	49
569420842(-0.183937,0.222971)	1996	48
615323918(-0.1527,0.190072)	1992	52
599670502(-0.168015,0.239294)	1993	53
613483718(-0.211878,0.183365)	1994	54
733201650(-0.13126,0.2099)	1995	55
683486709(-0.161447,0.22751)	1992	51
574899865(-0.202613,0.185512)	1993	50
685700687(-0.147388,0.222686)	1994	49
536371229(-0.229536,0.210541)	1995	48
321318693(-0.257165,0.314883)	1998	53
654248336(-0.189722,0.183693)	1997	54
660828416(-0.205765,0.135476)	1996	55
552505432(-0.185595,0.192555)	1992	50
514656574(-0.199651,0.215117)	1995	49
535649006(-0.211284,0.24112)	1994	48
622843007(-0.191437,0.271978)	1993	51
274528518(-0.314411,0.318473)	1998	52
634117697(-0.169812,0.199776)	1996	54
643872640(-0.228032,0.161385)	1997	55
602015212(-0.199038,0.22648)	1995	50
568030008(-0.229379,0.208605)	1992	49
562984217(-0.21887,0.193926)	1993	48
645472737(-0.211707,0.201393)	1994	51
607511809(-0.272512,0.174865)	1997	52
540875196(-0.212471,0.213121)	1996	53
393639127(-0.270875,0.26843)	1998	55
630535956(-0.17551,0.169101)	1994	50
665441570(-0.155992,0.199261)	1993	49
614832897(-0.18088,0.212546)	1992	48
603074506(-0.212432,0.171838)	1995	51
622169494(-0.166647,0.192927)	1996	52
546360098(-0.265454,0.200458)	1997	53
358404443(-0.19369,0.228937)	1998	54
605194974(-0.162314,0.189973)	1992	47
665004915(-0.216104,0.238285)	1993	46
641538925(-0.151904,0.216757)	1994	45
392273087(-0.254399,0.191111)	1998	41
548241836(-0.203817,0.222095)	1997	42
658011660(-0.174274,0.176551)	1996	43
410181243(-0.192947,0.227744)	1995	44
745828978(-0.16564,0.219333)	1993	47
597628870(-0.180394,0.184391)	1992	46
540121966(-0.157919,0.195244)	1995	45
381464693(-0.275434,0.269435)	1998	40
587953406(-0.17149,0.223984)	1996	42
530165809(-0.204816,0.235335)	1997	43
561077226(-0.15817,0.258549)	1994	44
338572996(-0.2443,0.273166)	1998	47
583509608(-0.172329,0.209496)	1996	45
726185813(-0.156123,0.154423)	1992	41
665505903(-0.149179,0.237529)	1993	40
665711987(-0.186325,0.213426)	1995	42
614092509(-0.207404,0.209135)	1994	43
534222886(-0.183479,0.192282)	1997	44
358767854(-0.248581,0.262061)	1998	46
638908636(-0.215025,0.252262)	1997	45
777985797(-0.174663,0.183692)	1993	41
667692830(-0.16356,0.250702)	1992	40
586263120(-0.159276,0.204486)	1994	42
549471242(-0.171808,0.193249)	1995	43
535273070(-0.243445,0.263572)	1996	44
571249318(-0.189368,0.248572)	1997	47
546939417(-0.220504,0.246825)	1996	46
755098322(-0.171892,0.198977)	1992	42
536402691(-0.204266,0.218098)	1995	41
656155146(-0.215755,0.149817)	1994	40
622534569(-0.192575,0.178083)	1993	43
302823619(-0.288215,0.31557)	1998	44
564236915(-0.239556,0.270103)	1996	47
618720153(-0.201111,0.264414)	1997	46
272220344(-0.311059,0.283269)	1998	45
669865826(-0.194816,0.206651)	1993	42
615424897(-0.251172,0.235588)	1994	41
564932693(-0.188771,0.257597)	1995	40
649797080(-0.183337,0.217556)	1992	43
601863471(-0.192865,0.21995)	1995	47
765116214(-0.170283,0.196982)	1994	46
646904457(-0.223826,0.206846)	1993	45
629108650(-0.193518,0.230571)	1997	41
647098045(-0.154534,0.184161)	1996	40
410871005(-0.28171,0.277857)	1998	42
645919025(-0.210425,0.176072)	1992	44
589369164(-0.1809,0.319505)	1994	47
673853587(-0.212717,0.161063)	1995	46
627830441(-0.213518,0.175463)	1996	41
631830367(-0.216683,0.171286)	1997	40
309643619(-0.253342,0.259223)	1998	43
610593057(-0.215384,0.196489)	1993	44
584842614(-0.185765,0.2176)	1992	45
835229424(-0.190095,0.158719)	1992	56
589771285(-0.166152,0.229266)	1993	57
538198807(-0.170271,0.230409)	1994	58
585930518(-0.181065,0.23152)	1995	59
585610045(-0.207002,0.220828)	1996	60
645620430(-0.237256,0.183761)	1997	61
368606558(-0.246666,0.249229)	1998	62
395545815(-0.208305,0.297999)	1998	63
676795070(-0.175003,0.19664)	1993	56
606804083(-0.170955,0.2166)	1992	57
526933737(-0.233291,0.226353)	1995	58
511932695(-0.194205,0.186006)	1994	59
619004020(-0.185527,0.27548)	1997	60
504108232(-0.186914,0.226672)	1996	61
721915261(-0.192334,0.193511)	1997	63
667483758(-0.211408,0.183278)	1994	56
642707967(-0.186442,0.217498)	1995	57
563125277(-0.195031,0.200616)	1992	58
466499798(-0.195393,0.20843)	1993	59
318731612(-0.261413,0.316829)	1998	60
618574345(-0.197711,0.195621)	1996	62
766560189(-0.154128,0.16711)	1995	56
552667659(-0.218445,0.237482)	1994	57
585699783(-0.183525,0.211206)	1993	58
532641178(-0.214245,0.263566)	1992	59
326961363(-0.26389,0.27086)	1998	61
493459824(-0.233872,0.219945)	1997	62
781443820(-0.183735,0.223791)	1996	63
685095585(-0.205049,0.182823)	1996	56
613229890(-0.176788,0.228131)	1997	57
364338047(-0.2575,0.328952)	1998	58
580700081(-0.188268,0.166801)	1992	60
659926699(-0.24214,0.250237)	1993	61
501827133(-0.20855,0.237938)	1994	62
703416819(-0.157757,0.185366)	1995	63
655017521(-0.193138,0.221705)	1997	56
518528207(-0.187369,0.231979)	1996	57
316099532(-0.266137,0.284792)	1998	59
521363146(-0.217818,0.205096)	1993	60
708154271(-0.189652,0.135847)	1992	61
641169155(-0.162657,0.1719)	1995	62
723810219(-0.228864,0.221616)	1994	63
363930927(-0.259247,0.380314)	1998	56
555762739(-0.204139,0.207189)	1996	58
565845397(-0.201393,0.21891)	1997	59
547157771(-0.221824,0.168525)	1994	60
666863553(-0.200181,0.244954)	1995	61
550780875(-0.243636,0.198045)	1992	62
793732090(-0.153936,0.212881)	1993	63
364725752(-0.228286,0.279322)	1998	57
563752353(-0.298999,0.270851)	1997	58
606140570(-0.195974,0.249878)	1996	59
530120003(-0.240227,0.224729)	1995	60
550635694(-0.198914,0.188276)	1994	61
594230859(-0.227737,0.220777)	1993	62
666115790(-0.184018,0.20281)	1992	63
Res Count: 280
Time Taken(run query): 60.6188ms
total time: 1121.15ms
Using device 0: TITAN RTX (PTX version 750, SM750, 72 SMs, 23893 free / 24220 total MB physmem, 672.096 GB/s @ 7001000 kHz mem clock, ECC off)
TIMES: 128[0==========10==========20==========30==========40==========50==========60==========70==========80==========90==========100==========110==========120========]
Time Taken(resample): 1025.22ms
604737616(-0.18723,0.237947)	1996	267
716875017(-0.220375,0.225821)	1997	266
506406124(-0.207126,0.21925)	1998	265
410467506(-0.227093,0.251678)	1998	261
772577795(-0.14607,0.182625)	1997	262
737341506(-0.180353,0.149349)	1996	263
406421352(-0.25446,0.276423)	1998	260
678327632(-0.179031,0.169706)	1996	262
651857112(-0.18938,0.203908)	1997	263
741272033(-0.16989,0.182591)	1992	261
611457984(-0.238899,0.245905)	1993	260
701528123(-0.195495,0.224579)	1995	262
692231505(-0.186766,0.251515)	1994	263
718452843(-0.167505,0.200708)	1993	261
727631613(-0.200714,0.225051)	1992	260
761380664(-0.178117,0.175794)	1994	262
734640923(-0.181005,0.171839)	1995	263
626168815(-0.163064,0.348785)	1992	262
794459636(-0.174576,0.172198)	1995	261
722018144(-0.20716,0.209324)	1994	260
726921617(-0.166896,0.221013)	1993	263
746758314(-0.205917,0.229337)	1993	262
743224189(-0.191505,0.153938)	1994	261
672713827(-0.180217,0.258873)	1995	260
598180490(-0.194215,0.236797)	1992	263
721049917(-0.194412,0.205964)	1997	261
782960624(-0.174891,0.170089)	1996	260
429233482(-0.279427,0.356737)	1998	262
711305796(-0.203367,0.229458)	1996	261
761422655(-0.209741,0.170521)	1997	260
397976786(-0.267658,0.349961)	1998	263
762185746(-0.173071,0.206374)	1995	267
764799163(-0.15513,0.171636)	1994	266
758547923(-0.190796,0.183061)	1993	265
736184437(-0.171797,0.16984)	1992	264
942698329(-0.20708,0.140065)	1994	267
714363315(-0.205375,0.219744)	1995	266
628016218(-0.248799,0.250798)	1993	264
638772457(-0.18654,0.213356)	1992	265
745199939(-0.20655,0.186785)	1993	267
868256671(-0.121819,0.162583)	1992	266
853401620(-0.194293,0.188593)	1995	265
730894538(-0.175673,0.207519)	1994	264
853943224(-0.156488,0.145282)	1992	267
728174804(-0.170516,0.222888)	1993	266
815403522(-0.139092,0.189251)	1994	265
821518075(-0.157374,0.178307)	1995	264
426447866(-0.251618,0.223958)	1998	266
768637418(-0.137432,0.190744)	1997	265
637345890(-0.186383,0.205606)	1996	264
480891082(-0.221247,0.185417)	1998	267
773019225(-0.166126,0.155873)	1996	265
725514405(-0.152761,0.178604)	1997	264
814292702(-0.153266,0.169933)	1997	267
780752389(-0.15455,0.193218)	1996	266
442503354(-0.21424,0.276887)	1998	264
Res Count: 56
Time Taken(run query): 43.8784ms
total time: 1100.41ms
Using device 0: TITAN RTX (PTX version 750, SM750, 72 SMs, 23893 free / 24220 total MB physmem, 672.096 GB/s @ 7001000 kHz mem clock, ECC off)
TIMES: 128[0==========10==========20==========30==========40==========50==========60==========70==========80==========90==========100==========110==========120========]
Time Taken(resample): 1025.14ms
383270446(-0.243525,0.283397)	1998	260
629150659(-0.184495,0.210251)	1993	260
542227752(-0.194866,0.225368)	1992	260
643343418(-0.18799,0.246912)	1994	260
635853549(-0.211149,0.225367)	1995	260
630544734(-0.218885,0.240794)	1996	260
614997507(-0.220264,0.185195)	1997	260
Res Count: 7
Time Taken(run query): 40.9944ms
total time: 1096.58ms
Using device 0: TITAN RTX (PTX version 750, SM750, 72 SMs, 23893 free / 24220 total MB physmem, 672.096 GB/s @ 7001000 kHz mem clock, ECC off)
TIMES: 128[0==========10==========20==========30==========40==========50==========60==========70==========80==========90==========100==========110==========120========]
Time Taken(resample): 1028.8ms
12	21	1997	5592995129(-0.0620051,0.0782753)
9	21	1992	5683439519(-0.0787886,0.0664072)
8	21	1993	5458883250(-0.06278,0.0825655)
12	18	1994	5888016059(-0.0568778,0.059232)
21	12	1997	6104496228(-0.0712602,0.0623127)
18	12	1994	6241694705(-0.0604137,0.0709598)
21	8	1993	5710014463(-0.0751769,0.0678711)
21	9	1992	6357158496(-0.0579117,0.0634577)
12	21	1996	5391136046(-0.0593604,0.0698099)
9	21	1993	5893719233(-0.0538686,0.0682236)
8	21	1992	5262842216(-0.0649539,0.0606158)
12	18	1995	6417728319(-0.069798,0.0582428)
21	12	1996	6325326115(-0.0568998,0.0621856)
18	12	1995	6402770330(-0.0531123,0.0702909)
21	8	1992	5717924155(-0.0694061,0.0727889)
21	9	1993	6442772140(-0.0590756,0.0510777)
9	21	1995	5602056233(-0.0597085,0.0741116)
8	21	1994	5314593349(-0.0667144,0.0850231)
12	18	1993	6228795359(-0.0641793,0.0820401)
9	18	1996	6773120986(-0.0719137,0.0589664)
8	18	1997	5939043805(-0.0563514,0.0701281)
18	12	1993	6362311531(-0.0595625,0.0572911)
21	8	1994	5911474268(-0.0689609,0.0785717)
18	8	1997	5965938663(-0.0585182,0.0683305)
18	9	1996	6618003557(-0.0717504,0.0552697)
21	9	1995	6505309291(-0.0585087,0.0592967)
9	21	1994	5593457395(-0.0671432,0.0608719)
8	21	1995	4969010181(-0.0735796,0.0712707)
12	18	1992	5943100486(-0.0519949,0.0694291)
9	18	1997	6161959429(-0.0630194,0.0629617)
8	18	1996	6213798004(-0.0634152,0.065015)
18	12	1992	6196262698(-0.0488133,0.0594469)
21	8	1995	5874909487(-0.0600834,0.0723781)
18	8	1996	5874751205(-0.0628681,0.0673655)
18	9	1997	6411952594(-0.0679495,0.053767)
21	9	1994	6400210978(-0.0604795,0.0625554)
12	21	1992	5419707966(-0.0765426,0.0512672)
9	21	1997	5328679111(-0.0679484,0.0707154)
8	21	1996	5327555523(-0.0727705,0.075235)
9	18	1994	6582099935(-0.0504667,0.0847789)
8	18	1995	6129389100(-0.0559749,0.0683196)
21	12	1992	5797445768(-0.0609149,0.0906019)
21	8	1996	5788143050(-0.0518858,0.0524618)
18	8	1995	5868806984(-0.0624389,0.0596371)
18	9	1994	6500840587(-0.0579446,0.065438)
21	9	1997	6690839665(-0.0594556,0.0669911)
12	21	1993	5288167390(-0.0681914,0.0554534)
9	21	1996	5630134780(-0.0563192,0.0642655)
8	21	1997	5263197238(-0.0757961,0.0624564)
9	18	1995	6639156860(-0.0590872,0.0750982)
8	18	1994	6049481526(-0.0718352,0.0605989)
21	12	1993	6366416630(-0.0471643,0.0608888)
21	8	1997	5690873534(-0.090233,0.0688418)
18	8	1994	6223298646(-0.0591508,0.0753365)
18	9	1995	6637431421(-0.060684,0.0673148)
21	9	1996	6105693707(-0.0622297,0.0603271)
12	21	1994	4927095439(-0.0673819,0.0757814)
12	18	1997	6270648094(-0.0637325,0.0588448)
9	18	1992	6263726671(-0.0594744,0.0706065)
8	18	1993	6029996234(-0.0613659,0.045167)
21	12	1994	6223372394(-0.0617866,0.057901)
18	12	1997	6049371551(-0.0562923,0.0654757)
18	8	1993	6009169048(-0.0733288,0.0724043)
18	9	1992	6496096128(-0.0518357,0.0565168)
12	21	1995	5348368129(-0.0639116,0.0632972)
12	18	1996	6023242208(-0.0486763,0.0682333)
9	18	1993	6261875813(-0.0479315,0.0688414)
8	18	1992	6042413554(-0.0613143,0.0702634)
21	12	1995	5992599086(-0.0696666,0.0687202)
18	12	1996	6593957633(-0.0626113,0.0848786)
18	8	1992	6017679573(-0.0567687,0.07097)
18	9	1993	6561522678(-0.0523346,0.0668605)
21	21	1997	5371389290(-0.0628443,0.0708721)
18	21	1994	6129500774(-0.060725,0.0661682)
21	18	1994	6722912149(-0.0651909,0.0607378)
18	18	1997	6536674330(-0.0622935,0.0655477)
8	9	1996	6204273577(-0.072743,0.0685967)
8	8	1997	5827788535(-0.0925936,0.0723168)
9	8	1996	6218365051(-0.0643755,0.064378)
12	8	1993	5399682863(-0.056989,0.0698692)
9	9	1997	6199382122(-0.052935,0.0603318)
12	9	1992	5677180135(-0.0457958,0.070286)
8	12	1993	5907688872(-0.0654106,0.0698436)
9	12	1992	5991275371(-0.071953,0.0669725)
12	12	1997	5816703386(-0.055703,0.0689989)
21	21	1996	5491501530(-0.0669848,0.0722838)
18	21	1995	5725705598(-0.0593558,0.0730402)
21	18	1995	6382522277(-0.073297,0.0500142)
18	18	1996	6850354841(-0.0561592,0.0607727)
8	9	1997	6319630787(-0.0662913,0.0560886)
8	8	1996	5574761470(-0.059604,0.0690057)
9	8	1997	6290692410(-0.0632856,0.0831328)
12	8	1992	5427502315(-0.0609343,0.07457)
9	9	1996	6736222625(-0.0575066,0.0457219)
12	9	1993	5791119802(-0.0692474,0.0649353)
8	12	1992	5492002236(-0.0634591,0.0667505)
9	12	1993	5996696323(-0.0518908,0.057925)
12	12	1996	5545736542(-0.0775992,0.0670788)
21	21	1995	5719571256(-0.0568376,0.0606919)
18	21	1996	5712678496(-0.0604725,0.0671143)
21	18	1996	6473125403(-0.0538883,0.0659608)
18	18	1995	6730030038(-0.0498372,0.0746087)
8	9	1994	6225060895(-0.0639912,0.0702792)
8	8	1995	5404068459(-0.0593794,0.0601113)
9	8	1994	6133596433(-0.0728549,0.0718033)
9	9	1995	6675283018(-0.0693226,0.0497566)
12	12	1995	5822761485(-0.0520847,0.0683993)
21	21	1994	5449332215(-0.0648095,0.0709147)
18	21	1997	5684084530(-0.0602751,0.0550784)
21	18	1997	6419058414(-0.0711842,0.0586941)
18	18	1994	6684008124(-0.0525472,0.0550514)
8	9	1995	6058072540(-0.0703733,0.062354)
8	8	1994	5294506383(-0.0568345,0.0723182)
9	8	1995	5940062133(-0.0603258,0.0840962)
9	9	1994	6469813095(-0.0530522,0.075682)
12	12	1994	5525428328(-0.0788607,0.0562754)
21	21	1992	5330045178(-0.0634009,0.0668686)
18	18	1992	6993698318(-0.0657869,0.0697146)
8	9	1993	6081773051(-0.065341,0.0955394)
12	8	1996	5905728415(-0.0643665,0.0679454)
8	8	1992	5184993226(-0.063796,0.0706655)
9	8	1993	6135672939(-0.063598,0.0710575)
9	9	1992	6476338867(-0.0706976,0.0567628)
12	9	1997	5856700954(-0.0692239,0.0600134)
8	12	1996	5442270720(-0.0686056,0.0668257)
9	12	1997	6028468460(-0.0766272,0.0541762)
12	12	1992	5762973504(-0.0607871,0.0642984)
21	21	1993	5360555478(-0.0610482,0.067245)
18	18	1993	6561720990(-0.0548579,0.0639525)
8	9	1992	5984057641(-0.0602641,0.0657825)
12	8	1997	5646336182(-0.057896,0.0666614)
8	8	1993	5415341756(-0.0654115,0.064339)
9	8	1992	5562289294(-0.045301,0.0754096)
9	9	1993	6578610448(-0.0569817,0.0587047)
12	9	1996	5788911268(-0.0706836,0.0599207)
8	12	1997	5861625473(-0.0795786,0.0594308)
9	12	1996	5994025942(-0.0539271,0.0685426)
12	12	1993	5835968581(-0.0577896,0.070281)
18	21	1993	5966163310(-0.0706827,0.0610772)
21	18	1993	6124826492(-0.0674604,0.0501461)
12	8	1994	5780451220(-0.0791911,0.0674664)
12	9	1995	5885243940(-0.072355,0.0620617)
8	12	1994	5633646559(-0.0587287,0.0694511)
9	12	1995	6109042212(-0.0497319,0.068582)
18	21	1992	5533781932(-0.0629097,0.0713333)
21	18	1992	6446283645(-0.0719802,0.0589599)
12	8	1995	5834532941(-0.071676,0.0631039)
12	9	1994	6081189996(-0.0657775,0.0531884)
8	12	1995	5406009282(-0.0708447,0.0705935)
9	12	1994	6353076236(-0.0690377,0.0706383)
Res Count: 150
Time Taken(run query): 52.1991ms
total time: 1113.08ms
Using device 0: TITAN RTX (PTX version 750, SM750, 72 SMs, 23893 free / 24220 total MB physmem, 672.096 GB/s @ 7001000 kHz mem clock, ECC off)
TIMES: 128[0==========10==========20==========30==========40==========50==========60==========70==========80==========90==========100==========110==========120========]
Time Taken(resample): 1025.4ms
245	247	1997	35128375(-0.681731,0.665058)
244	247	1996	47805101(-0.680412,0.889868)
243	247	1995	26326656(-0.666003,1.54861)
242	247	1994	47063462(-0.650965,0.714048)
241	247	1993	58174952(-0.654367,0.648339)
240	247	1992	91212829(-0.448146,0.482279)
245	246	1996	55702801(-0.611038,0.858922)
244	246	1997	54691527(-0.562726,0.566268)
243	246	1994	31698425(-0.788948,0.976796)
242	246	1995	31893707(-0.687417,0.758509)
241	246	1992	76214771(-0.475196,0.592385)
240	246	1993	38253380(-0.725446,0.900758)
247	245	1997	19221385(-0.760754,1.17916)
246	245	1996	54064628(-0.635466,0.721729)
247	242	1994	16386970(-0.780606,1.30289)
246	242	1995	6216104(-0.608093,4.17572)
245	242	1992	33662428(-0.853707,1.21279)
244	242	1993	8760299(-0.683624,1.7345)
241	242	1996	15629594(-0.72759,1.19495)
247	241	1993	64216814(-0.57621,0.787791)
246	241	1992	55712603(-0.484422,0.634192)
245	241	1995	71511120(-0.509836,0.640276)
244	241	1994	83526345(-0.479486,0.576497)
243	241	1997	57113306(-0.517418,0.774267)
245	240	1994	58498682(-0.565267,0.643246)
244	240	1995	80569546(-0.519251,0.628193)
243	240	1996	29926069(-0.65423,0.914646)
242	240	1997	53365382(-0.646666,0.836546)
246	240	1993	40392993(-0.620689,0.776818)
247	240	1992	36305050(-0.601084,0.799422)
242	241	1996	73202911(-0.558426,0.490771)
240	243	1996	57512183(-0.541156,0.632106)
241	243	1997	106954645(-0.42206,0.545033)
244	243	1992	82457993(-0.484797,0.555875)
245	243	1993	90942507(-0.36431,0.593786)
246	243	1994	56187159(-0.432407,0.674225)
247	243	1995	109793121(-0.458217,0.559566)
240	244	1995	41951943(-0.698504,0.982422)
241	244	1994	28901642(-0.63105,0.954735)
242	244	1993	41053059(-0.733337,1.06694)
243	244	1992	58792484(-0.507155,0.795883)
246	244	1997	70865708(-0.518711,0.48125)
247	244	1996	43499755(-0.689269,0.874301)
240	245	1994	28102405(-0.609786,0.804781)
241	245	1995	20027521(-0.791637,1.43148)
242	245	1992	46912638(-0.540983,0.796136)
243	245	1993	24459400(-0.783596,1.07556)
245	247	1996	54188757(-0.593171,0.728652)
244	247	1997	54537454(-0.564756,0.7925)
243	247	1994	55806205(-0.61003,0.798894)
242	247	1995	61911782(-0.597938,0.583414)
241	247	1992	64211386(-0.551554,0.650944)
240	247	1993	27027666(-0.619857,0.973554)
245	246	1997	67400749(-0.505947,0.644097)
244	246	1996	48318212(-0.642058,0.827419)
243	246	1995	32766450(-0.655001,0.81544)
242	246	1994	80435959(-0.365027,0.763978)
241	246	1993	68217991(-0.649694,0.68192)
240	246	1992	40092233(-0.638836,0.69518)
247	245	1996	34412980(-0.824763,1.26324)
246	245	1997	40706208(-0.720988,0.827728)
247	242	1995	17961929(-0.866094,1.73219)
246	242	1994	416107(0,5)
245	242	1993	8651430(-0.929026,1.92288)
244	242	1992	18230745(-0.94925,1.7161)
241	242	1997	5299831(0,2)
240	242	1996	6021384(-0.963651,1.52308)
247	241	1992	40196671(-0.599873,0.922018)
246	241	1993	84164036(-0.532596,0.543331)
245	241	1994	50642580(-0.628223,0.702242)
244	241	1995	72883714(-0.608176,0.65053)
243	241	1996	61668415(-0.554195,0.623218)
245	240	1995	22871446(-0.683936,0.968532)
244	240	1994	75218129(-0.530763,0.726005)
243	240	1997	50246997(-0.563101,0.866113)
242	240	1996	51567456(-0.592877,0.833385)
246	240	1992	76416824(-0.522062,0.617856)
247	240	1993	15673597(-0.926269,1.23698)
242	241	1997	109870258(-0.46816,0.551086)
240	243	1997	53961377(-0.556983,0.576357)
241	243	1996	105281286(-0.464739,0.469871)
244	243	1993	48869543(-0.525823,0.701249)
245	243	1992	106593453(-0.398311,0.611298)
246	243	1995	94891714(-0.459134,0.542954)
247	243	1994	89203899(-0.434431,0.648362)
240	244	1994	48723331(-0.505982,0.918241)
241	244	1995	34364356(-0.74247,0.900987)
242	244	1992	44101473(-0.503908,0.62711)
243	244	1993	18315330(-0.902594,1.84039)
246	244	1996	96822325(-0.442735,0.525629)
247	244	1997	34248146(-0.759874,1.00753)
240	245	1995	36756488(-0.628776,0.953303)
241	245	1994	36318805(-0.631647,0.731554)
242	245	1993	67678585(-0.570261,0.7524)
243	245	1992	71770391(-0.679628,0.778847)
249	249	1997	44280824(-0.597981,0.713353)
248	249	1996	60604100(-0.595375,0.650399)
249	248	1996	37001062(-0.590328,0.86115)
248	248	1997	63729255(-0.501441,0.597131)
247	247	1997	61665002(-0.625683,0.541292)
246	247	1996	43708078(-0.716278,0.76931)
243	247	1993	20328002(-0.788738,0.896042)
242	247	1992	55412330(-0.652823,0.914278)
241	247	1995	44774933(-0.631796,0.677403)
240	247	1994	53092919(-0.684087,0.682821)
247	246	1996	29631297(-0.808894,0.776455)
246	246	1997	40073250(-0.592627,0.771885)
243	246	1992	40162179(-0.659707,0.88227)
242	246	1993	90393431(-0.570714,0.757368)
241	246	1994	42930352(-0.655931,0.75434)
240	246	1995	42152178(-0.57561,0.893265)
247	242	1992	10634537(-0.506755,1.52026)
246	242	1993	11150112(-0.54248,2)
245	242	1994	14958239(-0.854779,1.53865)
244	242	1995	24013595(-0.802979,1.11696)
243	242	1996	110353(0,3)
242	242	1997	14762785(-0.797544,1.01471)
247	241	1995	66824320(-0.543173,0.536796)
246	241	1994	47058087(-0.650488,0.793712)
245	241	1993	74744551(-0.475432,0.477443)
244	241	1992	81110808(-0.558066,0.513576)
245	240	1992	37973575(-0.610772,0.751394)
244	240	1993	30778513(-0.723366,1.13468)
240	240	1997	69812238(-0.449664,0.494122)
241	240	1996	74915962(-0.440737,0.547634)
246	240	1995	70873789(-0.613523,0.602349)
247	240	1994	57127637(-0.523982,0.691623)
240	241	1996	46969651(-0.578752,0.814799)
241	241	1997	119416413(-0.398053,0.3896)
242	243	1996	108673198(-0.344529,0.44143)
243	243	1997	83896084(-0.472438,0.673725)
244	243	1994	92757316(-0.48517,0.496645)
245	243	1995	114568454(-0.395279,0.625547)
246	243	1992	80399351(-0.575351,0.59645)
247	243	1993	66829484(-0.525577,0.548611)
240	244	1993	59405088(-0.649951,0.978178)
241	244	1992	59320574(-0.633742,0.612198)
242	244	1995	34379596(-0.925568,0.8151)
243	244	1994	34828979(-0.796462,0.690471)
244	244	1997	52031859(-0.475653,0.799708)
245	244	1996	51063549(-0.617165,0.855396)
240	245	1992	44297342(-0.691805,0.711679)
241	245	1993	24966010(-0.822138,1.03833)
242	245	1994	52792642(-0.647066,0.975928)
243	245	1995	41414312(-0.682472,0.506899)
244	245	1996	41861722(-0.561838,0.796064)
245	245	1997	27418926(-0.770574,0.996227)
249	249	1996	72951052(-0.533006,0.57606)
248	249	1997	67698220(-0.695103,0.524149)
249	248	1997	56769010(-0.584063,0.813581)
248	248	1996	27856043(-0.871552,1.27411)
247	247	1996	30258388(-0.589429,1.109)
246	247	1997	38642001(-0.534863,0.730016)
243	247	1992	27610457(-0.67685,1.07835)
242	247	1993	50153302(-0.52947,0.749564)
241	247	1994	42055772(-0.689464,0.794962)
240	247	1995	48022301(-0.749941,0.973306)
247	246	1997	27666591(-0.53397,1.01385)
246	246	1996	64478180(-0.42978,0.548318)
243	246	1993	31379659(-0.766924,1.18298)
242	246	1992	51178450(-0.509358,0.740729)
241	246	1995	36402314(-0.560273,0.897009)
240	246	1994	72965681(-0.555454,0.55727)
247	242	1993	3231530(0,3)
246	242	1992	15540499(-0.892796,1.63749)
244	242	1994	34405614(-0.748575,1.0576)
243	242	1997	12928636(-0.698226,1.36093)
242	242	1996	17090176(-0.888386,1.552)
247	241	1994	66554702(-0.544643,0.750184)
246	241	1995	40237136(-0.651593,0.835553)
245	241	1992	64203017(-0.518181,0.807799)
244	241	1993	37939040(-0.638784,0.821819)
245	240	1993	61600051(-0.516031,0.574734)
244	240	1992	28274095(-0.827234,1.19811)
240	240	1996	47407988(-0.653244,0.731757)
241	240	1997	71305126(-0.568041,0.908308)
246	240	1994	35158620(-0.775978,1.07608)
247	240	1995	37100176(-0.594579,0.902169)
240	241	1997	66145562(-0.561575,0.582732)
241	241	1996	54742741(-0.567467,0.768633)
242	243	1997	76337418(-0.442536,0.544235)
243	243	1996	60969562(-0.573881,0.869384)
244	243	1995	120171871(-0.429852,0.46017)
245	243	1994	91907329(-0.473085,0.597909)
246	243	1993	105286872(-0.610316,0.395288)
247	243	1992	45329023(-0.557086,0.605122)
240	244	1992	47460515(-0.637618,0.697323)
241	244	1993	66221490(-0.575056,0.648606)
242	244	1994	49766481(-0.657554,0.708644)
243	244	1995	40785009(-0.651193,0.767805)
244	244	1996	50490462(-0.656664,0.67096)
245	244	1997	75979782(-0.506208,0.698034)
240	245	1993	46795056(-0.657512,0.899069)
241	245	1992	45341090(-0.655132,0.921775)
242	245	1995	28594921(-0.730229,0.71071)
243	245	1994	26408664(-0.804882,1.03573)
244	245	1997	31322003(-0.836378,1.05892)
245	245	1996	24734238(-0.817961,1.33222)
249	249	1995	29390449(-0.592474,0.838056)
248	249	1994	73485637(-0.550804,0.578798)
249	248	1994	44721170(-0.581209,0.596764)
248	248	1995	50075024(-0.702484,0.810227)
247	247	1995	38766478(-0.623519,0.835474)
246	247	1994	45556460(-0.625055,0.78017)
245	247	1993	41284953(-0.71157,0.868068)
244	247	1992	45956073(-0.551044,0.560552)
241	247	1997	51568799(-0.514748,0.930236)
240	247	1996	71398398(-0.438807,0.797362)
247	246	1994	30646612(-0.707429,0.85409)
246	246	1995	34763520(-0.642036,0.713527)
245	246	1992	53399741(-0.653006,0.583808)
244	246	1993	43468204(-0.538595,0.693047)
241	246	1996	40943117(-0.65773,0.774574)
240	246	1997	58737128(-0.559839,0.716386)
247	245	1993	37107344(-0.579864,0.872963)
245	242	1996	5496415(-0.675099,3.0253)
244	242	1997	5879604(-0.810537,2.24215)
243	242	1994	8333796(-0.805266,2.4158)
242	242	1995	14308738(-0.785338,1.53554)
241	242	1992	13200208(-0.906428,1.71619)
240	242	1993	17421793(-0.792719,1.70344)
247	241	1997	43997731(-0.572919,0.972792)
246	241	1996	68745139(-0.575395,0.497005)
243	241	1993	22059746(-0.91714,0.925783)
243	240	1992	47916828(-0.666185,0.73288)
240	240	1995	54353144(-0.558242,0.643758)
241	240	1994	37210284(-0.71166,0.924668)
242	240	1993	38500187(-0.651929,0.844901)
246	240	1997	87744538(-0.457593,0.381635)
247	240	1996	60343062(-0.547863,0.523693)
240	241	1994	58228990(-0.578593,0.741085)
241	241	1995	51239596(-0.632047,0.789156)
242	241	1992	124327826(-0.50614,0.528234)
240	243	1992	146581439(-0.446464,0.404964)
241	243	1993	124246370(-0.472622,0.468688)
242	243	1994	74254034(-0.622977,0.611237)
243	243	1995	94465768(-0.4691,0.791118)
244	243	1996	82496340(-0.4592,0.493354)
245	243	1997	122197712(-0.362006,0.412357)
242	244	1997	40848625(-0.561959,0.701878)
243	244	1996	45727647(-0.759648,0.881208)
244	244	1995	60149618(-0.575505,0.718071)
245	244	1994	32669195(-0.62901,1.16221)
246	244	1993	57400323(-0.597355,0.887189)
247	244	1992	51289842(-0.656387,0.596624)
242	245	1996	53176880(-0.605311,0.665039)
243	245	1997	48506489(-0.725998,0.525856)
244	245	1994	37858442(-0.687153,1.08038)
245	245	1995	41651649(-0.641089,0.827778)
246	245	1992	55900834(-0.620172,0.556557)
249	249	1994	38069927(-0.673745,0.837862)
248	249	1995	52773974(-0.771406,0.844745)
249	248	1995	25893607(-0.717623,1.00316)
248	248	1994	54092051(-0.615856,0.553822)
247	247	1994	24625396(-0.769362,1.05791)
246	247	1995	43240101(-0.703556,0.692954)
245	247	1992	44906873(-0.685111,0.785236)
244	247	1993	82418072(-0.520309,0.612026)
241	247	1996	64033243(-0.464051,0.6884)
240	247	1997	64614057(-0.543961,0.673929)
247	246	1995	44151000(-0.671411,0.789022)
246	246	1994	29304537(-0.776446,0.755784)
245	246	1993	50525173(-0.555553,0.666892)
244	246	1992	52079393(-0.555624,0.814406)
241	246	1997	64594847(-0.503811,0.592645)
240	246	1996	69658720(-0.50362,0.589362)
247	245	1992	12348815(-0.988201,1.9882)
245	242	1997	24811643(-0.843411,1.23914)
244	242	1996	16823508(-0.948859,1.29884)
243	242	1995	13875506(-0.74278,1.86821)
242	242	1994	17484225(-0.814963,1.52256)
241	242	1993	25735907(-0.850183,0.956851)
240	242	1992	28794073(-0.832626,1.12552)
247	241	1996	53820484(-0.56497,0.928261)
246	241	1997	110206982(-0.368126,0.565525)
243	241	1992	46244912(-0.603653,0.934447)
243	240	1993	43655869(-0.677888,0.911125)
240	240	1994	48805788(-0.598775,0.650623)
241	240	1995	43352693(-0.672809,1.07996)
242	240	1992	45727844(-0.623986,0.733205)
246	240	1996	61192324(-0.556377,0.66463)
247	240	1997	72511370(-0.630306,0.602218)
240	241	1995	74295967(-0.46991,0.497233)
241	241	1994	54556122(-0.500155,0.64283)
242	241	1993	76163754(-0.686981,0.60766)
240	243	1993	132883226(-0.504208,0.554873)
241	243	1992	85513840(-0.462366,0.644005)
242	243	1995	130606999(-0.512721,0.449257)
243	243	1994	80905949(-0.535611,0.566467)
244	243	1997	85951100(-0.414505,0.480679)
245	243	1996	73337307(-0.432017,0.690281)
242	244	1996	33179477(-0.768961,1.28088)
243	244	1997	55276411(-0.610295,0.605451)
244	244	1994	53817048(-0.573071,0.838033)
245	244	1995	44900653(-0.800014,0.804565)
246	244	1992	48516426(-0.603733,0.639224)
247	244	1993	58159298(-0.53726,0.665603)
242	245	1997	28503740(-0.703992,1.25496)
243	245	1996	35978739(-0.704845,0.837754)
244	245	1995	48499027(-0.682216,0.778457)
245	245	1994	46389373(-0.579179,0.748942)
246	245	1993	33917761(-0.61384,0.854996)
249	249	1992	55109460(-0.625209,0.892044)
248	249	1993	54996306(-0.738634,0.838607)
249	248	1993	50997043(-0.59188,0.879542)
248	248	1992	64952940(-0.545012,0.71767)
247	247	1992	43052770(-0.714536,0.853724)
246	247	1993	34183760(-0.68653,0.954631)
245	247	1994	40797591(-0.558226,0.885441)
244	247	1995	36503876(-0.57264,0.826862)
243	247	1996	36864797(-0.633901,0.942199)
242	247	1997	37608490(-0.666343,0.921838)
247	246	1993	39863338(-0.609908,0.915611)
246	246	1992	46416392(-0.655761,0.690587)
245	246	1995	36661176(-0.732351,1.05309)
244	246	1994	78206194(-0.47734,0.42596)
243	246	1997	15671315(-0.966964,1.56874)
242	246	1996	87381541(-0.477548,0.551215)
247	245	1994	18082590(-0.965797,1.25602)
247	242	1997	11437085(-0.586995,2)
246	242	1996	13974891(-0.975785,1.85884)
243	242	1993	18896087(-0.724371,1.68909)
242	242	1992	19842834(-0.959097,1.62528)
241	242	1995	16019438(-0.890335,1.76469)
240	242	1994	8052024(-0.877732,1.87773)
245	241	1996	91568924(-0.431406,0.489723)
244	241	1997	53774653(-0.692192,0.597942)
243	241	1994	16069368(-0.827202,1.01782)
245	240	1997	67529928(-0.545106,0.576954)
244	240	1996	74869751(-0.463198,0.489543)
243	240	1995	25983968(-0.827583,0.792869)
240	240	1992	57011984(-0.472253,0.528957)
241	240	1993	73129575(-0.460997,0.506729)
242	240	1994	35574535(-0.910808,0.8742)
240	241	1993	74253507(-0.575301,0.55847)
241	241	1992	53534521(-0.630914,0.579761)
242	241	1995	96648108(-0.503347,0.730527)
240	243	1995	54688202(-0.576546,1.09712)
241	243	1994	123713761(-0.549708,0.407194)
242	243	1993	66146115(-0.528937,0.546241)
243	243	1992	69222703(-0.510764,0.584491)
246	243	1997	71249509(-0.589255,0.553001)
247	243	1996	82843572(-0.482769,0.351842)
240	244	1996	21404975(-0.791936,0.980441)
241	244	1997	61720048(-0.579137,0.724086)
244	244	1992	62584967(-0.578013,0.952498)
245	244	1993	29421539(-0.806445,0.997137)
246	244	1994	46394174(-0.740277,0.768802)
247	244	1995	48085239(-0.71837,0.873207)
240	245	1997	27823909(-0.764453,1.33496)
241	245	1996	43140821(-0.693261,0.67002)
244	245	1993	41082702(-0.663795,0.84257)
245	245	1992	47899461(-0.610814,0.595404)
246	245	1995	37824462(-0.582044,1.20307)
249	249	1993	40244896(-0.692137,0.751309)
248	249	1992	59680545(-0.594526,0.933131)
249	248	1992	31785906(-0.740903,1.31186)
248	248	1993	77937472(-0.523758,0.469082)
247	247	1993	51054865(-0.616529,0.690259)
246	247	1992	68718304(-0.433538,0.590629)
245	247	1995	60005252(-0.59156,0.899485)
244	247	1994	70023606(-0.505463,0.608573)
243	247	1997	46764971(-0.865846,0.853075)
242	247	1996	9503685(-0.915743,1.15221)
247	246	1992	57017038(-0.618544,0.824271)
246	246	1993	26977822(-0.747116,1.02897)
245	246	1994	47023885(-0.469237,0.966412)
244	246	1995	30565739(-0.777514,0.880206)
243	246	1996	38266215(-0.817469,1.01075)
242	246	1997	60771466(-0.609701,1.03112)
247	245	1995	49879091(-0.646552,0.936016)
247	242	1996	3928848(0,4)
246	242	1997	16654054(-0.869386,1.21052)
243	242	1992	9624210(-0.581299,1.7439)
242	242	1993	32107701(-0.863538,1.20776)
241	242	1994	10563235(-0.700559,1.60457)
240	242	1995	14795047(-0.827733,1.10339)
245	241	1997	102408593(-0.460635,0.445815)
244	241	1996	135686759(-0.441007,0.431203)
243	241	1995	51273416(-0.594306,0.536923)
245	240	1996	39858784(-0.718128,0.869318)
244	240	1997	64773888(-0.58725,0.748472)
243	240	1994	53367226(-0.515528,1.13496)
240	240	1993	57746189(-0.545743,1.0931)
241	240	1992	42596817(-0.63478,0.740402)
242	240	1995	68813602(-0.538089,0.830044)
240	241	1992	68941413(-0.495992,0.682949)
241	241	1993	72791741(-0.628357,0.634085)
242	241	1994	85227137(-0.460985,0.543)
240	243	1994	86316226(-0.480865,0.519575)
241	243	1995	119937365(-0.436095,0.536518)
242	243	1992	128031198(-0.521982,0.459022)
243	243	1993	52398583(-0.617612,0.603414)
246	243	1996	114031805(-0.365325,0.414047)
247	243	1997	36785103(-0.614112,0.878987)
240	244	1997	75162182(-0.375439,0.533628)
241	244	1996	33440291(-0.751786,0.811953)
244	244	1993	39084260(-0.598485,0.944555)
245	244	1992	43966464(-0.630208,0.63999)
246	244	1995	32203627(-0.578311,1.12677)
247	244	1994	20960036(-0.851151,1.61704)
240	245	1996	39759470(-0.711905,0.800487)
241	245	1997	46730509(-0.619478,0.590248)
244	245	1992	30042767(-0.813887,1.19279)
245	245	1993	41271418(-0.693381,1.06785)
246	245	1994	62471225(-0.574549,0.729296)
245	249	1996	39825558(-0.769044,1.09797)
244	249	1997	58616141(-0.595082,0.725704)
243	249	1994	17120561(-0.838355,0.954346)
242	249	1995	66238961(-0.572931,0.862462)
241	249	1992	90300246(-0.506491,0.621742)
240	249	1993	39248305(-0.679472,0.751437)
245	248	1997	53288825(-0.536567,0.793076)
244	248	1996	65595242(-0.619449,0.808607)
243	248	1995	42922059(-0.747227,1.03582)
242	248	1994	67993055(-0.519296,0.619582)
241	248	1993	82993625(-0.513501,0.684433)
240	248	1992	95325084(-0.466686,0.545892)
249	245	1996	74088401(-0.523091,0.719872)
248	245	1997	70786796(-0.612997,0.783007)
249	241	1992	33240288(-0.728025,1.02174)
248	241	1993	54731474(-0.606215,0.813374)
248	240	1992	59931051(-0.608305,0.74433)
249	240	1993	55380946(-0.62105,0.720936)
248	242	1994	13587499(-0.740065,1.48013)
249	242	1995	20061764(-0.949967,1.59128)
248	243	1995	94888719(-0.409879,0.490539)
249	243	1994	82984036(-0.433215,0.565317)
248	244	1996	29599399(-0.735283,1.02808)
249	244	1997	40009574(-0.695905,0.80623)
245	249	1997	54197557(-0.513257,0.669181)
244	249	1996	79865725(-0.558524,0.579673)
243	249	1995	45643180(-0.714397,0.80669)
242	249	1994	88957276(-0.459554,0.599551)
241	249	1993	68270580(-0.636782,0.699813)
240	249	1992	87869386(-0.448483,0.5451)
245	248	1996	53296177(-0.475061,0.604979)
244	248	1997	59013205(-0.588764,0.694023)
243	248	1994	48481044(-0.61748,0.692005)
242	248	1995	51112658(-0.644767,0.57714)
241	248	1992	65611925(-0.432438,0.696749)
240	248	1993	90058163(-0.438491,0.760764)
249	245	1997	49060337(-0.536183,0.923872)
248	245	1996	65364331(-0.646628,0.632097)
249	241	1993	77228145(-0.517584,0.565624)
248	241	1992	62775716(-0.542275,0.522521)
248	240	1993	64092059(-0.648915,0.697943)
249	240	1992	63069570(-0.636117,0.704792)
249	242	1994	14039179(-0.888047,1.93791)
248	243	1994	55771895(-0.522486,0.728114)
249	243	1995	65346373(-0.570187,0.803194)
248	244	1997	69726150(-0.543573,0.62752)
249	244	1996	26120489(-0.893563,0.669266)
247	249	1996	42711922(-0.696147,0.871385)
246	249	1997	56308403(-0.659913,0.659805)
243	249	1992	64638630(-0.56404,0.856452)
242	249	1993	36307001(-0.672703,0.762657)
241	249	1994	88125655(-0.437077,0.51673)
240	249	1995	55810914(-0.698362,0.868)
247	248	1997	35027757(-0.751338,1.37908)
246	248	1996	40726621(-0.684209,0.971845)
243	248	1993	52670459(-0.626687,0.714784)
242	248	1992	74591164(-0.570733,0.575849)
241	248	1995	58560752(-0.487701,0.602548)
240	248	1994	75722638(-0.601749,0.580764)
249	247	1996	61871956(-0.574377,0.764373)
248	247	1997	74123923(-0.482878,0.709254)
249	246	1997	39084470(-0.659709,1.34473)
248	246	1996	43089097(-0.663144,0.823921)
249	241	1994	90575955(-0.565756,0.50507)
248	241	1995	73042469(-0.52312,0.638839)
248	240	1994	44407565(-0.448845,0.840673)
249	240	1995	43331142(-0.690882,0.95778)
248	242	1992	16734882(-0.992972,1.80137)
249	242	1993	5547071(-0.580458,2.25863)
248	243	1993	49745815(-0.567719,0.91962)
249	243	1992	77946364(-0.497049,0.541791)
247	249	1997	64524967(-0.631317,0.788118)
246	249	1996	54005146(-0.544393,0.545288)
243	249	1993	43867567(-0.761427,0.832027)
242	249	1992	55143012(-0.552189,0.612601)
241	249	1995	33089760(-0.715652,1.17631)
240	249	1994	59480187(-0.587436,0.631608)
247	248	1996	40738995(-0.762695,0.91001)
246	248	1997	69206720(-0.686386,0.478568)
243	248	1992	47457959(-0.617647,0.69959)
242	248	1993	70605661(-0.487752,0.601545)
241	248	1994	32760074(-0.61124,0.586292)
240	248	1995	66516962(-0.568127,0.618283)
249	247	1997	43330715(-0.627938,0.72891)
248	247	1996	48237410(-0.594414,0.901811)
249	246	1996	53505782(-0.608526,0.787579)
248	246	1997	33498478(-0.6442,0.951218)
249	241	1995	70518720(-0.537963,0.495382)
248	241	1994	37895998(-0.597542,0.817639)
248	240	1995	40135248(-0.561187,0.604298)
249	240	1994	32245505(-0.78726,0.97245)
248	242	1993	2399493(0,4)
249	242	1992	16721951(-0.906772,1.32903)
248	243	1992	108921850(-0.441243,0.425072)
249	243	1993	71863573(-0.503156,0.742169)
247	249	1994	39488073(-0.696362,0.781413)
246	249	1995	51814919(-0.66073,0.773387)
245	249	1992	41465763(-0.547307,0.827416)
244	249	1993	54587601(-0.535187,0.659928)
241	249	1996	59781303(-0.662655,0.596037)
240	249	1997	84665595(-0.481292,0.62568)
247	248	1995	69983772(-0.526817,0.577604)
246	248	1994	49640114(-0.596909,0.578861)
245	248	1993	55346060(-0.640189,0.785291)
244	248	1992	66812296(-0.472459,0.655164)
241	248	1997	75634929(-0.49254,0.517591)
240	248	1996	35507746(-0.79307,0.935109)
249	247	1994	47336600(-0.572879,0.930283)
248	247	1995	50487022(-0.719665,0.618563)
249	246	1995	38139403(-0.573153,0.744547)
248	246	1994	52389419(-0.626988,0.590071)
249	245	1992	41872437(-0.680185,0.8196)
248	245	1993	47376309(-0.71837,0.640697)
249	241	1996	83470578(-0.559111,0.557991)
248	241	1997	80565117(-0.537892,0.469363)
248	240	1996	58441714(-0.519652,0.81857)
249	240	1997	51719317(-0.670645,0.930547)
248	244	1992	64474284(-0.576173,0.699155)
249	244	1993	18120491(-0.884941,1.07886)
247	249	1995	55144511(-0.556298,0.660418)
246	249	1994	63086892(-0.451466,0.622256)
245	249	1993	45489199(-0.568695,0.669631)
244	249	1992	61718091(-0.579553,0.787037)
241	249	1997	43432656(-0.584108,0.573637)
240	249	1996	27204087(-0.625172,0.753197)
247	248	1994	55740311(-0.557284,0.83487)
246	248	1995	53865997(-0.544964,0.656446)
245	248	1992	36978671(-0.75924,0.781795)
244	248	1993	79804828(-0.482753,0.708321)
241	248	1996	77556972(-0.63932,0.685901)
240	248	1997	54410897(-0.759812,0.665121)
249	247	1995	36834776(-0.685917,0.896854)
248	247	1994	57134681(-0.535904,0.931361)
249	246	1994	34464831(-0.857527,0.9519)
248	246	1995	64213156(-0.527701,0.74437)
249	245	1993	42405407(-0.552019,0.940843)
248	245	1992	55405745(-0.643118,0.698552)
249	241	1997	56424921(-0.561319,0.895743)
248	241	1996	35553348(-0.647267,0.617566)
248	240	1997	66348682(-0.576053,0.573798)
249	240	1996	45630752(-0.668025,0.625557)
248	244	1993	50137218(-0.563506,0.90676)
249	244	1992	58209410(-0.730034,0.765561)
247	249	1993	48422127(-0.675279,0.916176)
246	249	1992	47619211(-0.665543,0.80932)
245	249	1995	61624884(-0.56228,0.89284)
244	249	1994	65325779(-0.602097,0.650126)
243	249	1997	38795536(-0.617279,0.86926)
242	249	1996	53783821(-0.681715,0.97496)
247	248	1992	19895084(-0.817079,0.921614)
246	248	1993	95557798(-0.466722,0.510152)
245	248	1994	80552026(-0.614555,0.585518)
244	248	1995	56238206(-0.619453,0.906398)
243	248	1996	66791819(-0.510934,0.72339)
242	248	1997	41474806(-0.62188,0.604635)
249	247	1993	95868961(-0.543447,0.57277)
248	247	1992	54847312(-0.460531,0.839868)
249	246	1992	50908983(-0.627678,0.629297)
248	246	1993	58095776(-0.616491,0.69336)
249	245	1995	26664222(-0.834743,1.18212)
248	245	1994	40440014(-0.737717,0.924321)
248	242	1997	7706089(-0.921193,1.15761)
249	242	1996	8928768(-0.704909,1.109)
248	243	1996	90836435(-0.517617,0.411818)
249	243	1997	98596754(-0.49209,0.626796)
248	244	1995	76395672(-0.508403,0.689748)
249	244	1994	24005495(-0.719496,1.45511)
247	249	1992	49479623(-0.547509,0.643553)
246	249	1993	48563784(-0.724901,0.775599)
245	249	1994	51428393(-0.705056,0.770456)
244	249	1995	73721297(-0.54144,0.516893)
243	249	1996	42734679(-0.690337,0.708836)
242	249	1997	78385147(-0.663943,0.700451)
247	248	1993	76797260(-0.498224,0.636016)
246	248	1992	24147300(-0.758335,1.00831)
245	248	1995	60579282(-0.627594,0.606798)
244	248	1994	60036125(-0.698116,0.760358)
243	248	1997	55897144(-0.614184,0.664734)
242	248	1996	65122143(-0.574255,0.75324)
249	247	1992	51593769(-0.559495,0.817915)
248	247	1993	48239679(-0.671487,0.836335)
249	246	1993	39383458(-0.661455,0.613273)
248	246	1992	55398185(-0.628202,0.646074)
249	245	1994	52559069(-0.732174,0.565729)
248	245	1995	50388205(-0.569,0.788146)
249	242	1997	4859473(-0.60785,2.4314)
248	243	1997	110422108(-0.513588,0.531956)
249	243	1996	64820606(-0.528135,0.660006)
248	244	1994	65750534(-0.654338,0.778291)
249	244	1995	45413004(-0.72403,0.821408)
Res Count: 596
Time Taken(run query): 582.257ms
total time: 1648.47ms
Using device 0: TITAN RTX (PTX version 750, SM750, 72 SMs, 23893 free / 24220 total MB physmem, 672.096 GB/s @ 7001000 kHz mem clock, ECC off)
TIMES: 128[0==========10==========20==========30==========40==========50==========60==========70==========80==========90==========100==========110==========120========]
Time Taken(resample): 1025.36ms
235	235	1997	79317916(-0.456049,0.735301)
231	231	1997	52610015(-0.566256,0.795564)
235	235	1996	92004771(-0.542153,0.65576)
231	231	1996	56443608(-0.640093,0.674255)
235	235	1995	80246490(-0.550459,0.551958)
231	231	1995	56094750(-0.599178,0.76562)
235	235	1994	94552478(-0.410368,0.735387)
231	231	1994	38813711(-0.704481,0.948553)
235	235	1992	57844295(-0.497591,0.646261)
231	231	1992	48633803(-0.647883,0.741632)
235	235	1993	79091333(-0.519875,0.656647)
231	231	1993	54724316(-0.679642,0.605363)
235	231	1992	63192921(-0.597338,0.975126)
231	235	1992	84718410(-0.477429,0.531066)
235	231	1993	44730298(-0.645891,0.917013)
231	235	1993	33423849(-0.707204,1.00278)
235	231	1994	48257174(-0.702908,0.668726)
231	235	1994	72160331(-0.627008,0.554147)
235	231	1995	61472318(-0.541602,0.636958)
231	235	1995	57912582(-0.586863,0.686269)
231	235	1996	79625943(-0.517214,0.5869)
235	231	1996	70136790(-0.467006,0.73495)
231	235	1997	73745732(-0.512314,0.673328)
235	231	1997	86210796(-0.495725,0.419666)
Res Count: 24
Time Taken(run query): 380.084ms
total time: 1438.64ms
Using device 0: TITAN RTX (PTX version 750, SM750, 72 SMs, 23893 free / 24220 total MB physmem, 672.096 GB/s @ 7001000 kHz mem clock, ECC off)
TIMES: 128[0==========10==========20==========30==========40==========50==========60==========70==========80==========90==========100==========110==========120========]
Time Taken(resample): 1025.3ms
235	235	1997	6820053(-0.930323,1.93032)
231	231	1997	5908029(-0.93992,1.87984)
235	231	1997	7032813(-0.798454,1.28245)
Res Count: 3
Time Taken(run query): 392.233ms
total time: 1451.78ms
Using device 0: TITAN RTX (PTX version 750, SM750, 72 SMs, 23893 free / 24220 total MB physmem, 672.096 GB/s @ 7001000 kHz mem clock, ECC off)
TIMES: 128[0==========10==========20==========30==========40==========50==========60==========70==========80==========90==========100==========110==========120========]
Time Taken(resample): 1516.31ms
1998	24	5806726756(-0.0544857,0.0678033)
1997	24	10380991950(-0.058069,0.0467685)
1996	24	9999800306(-0.0503877,0.0475693)
1995	24	9818440175(-0.0382564,0.0472283)
1994	24	9742231866(-0.0553778,0.0519178)
1993	24	10059104002(-0.0470956,0.0487878)
1992	24	10045125836(-0.0474922,0.0405561)
1998	17	5417951548(-0.0698781,0.0847525)
1997	17	9255646165(-0.0514281,0.066986)
1996	17	9720085310(-0.048997,0.0460363)
1995	17	9442207321(-0.0535134,0.0530416)
1994	17	10059706571(-0.044001,0.0621952)
1993	17	9163772977(-0.0466435,0.0587168)
1992	17	9494573505(-0.0582844,0.0599194)
1997	1	9834135079(-0.0412601,0.0502147)
1998	2	5358617136(-0.0661642,0.0785531)
1998	3	5579204407(-0.0587398,0.0612665)
1996	1	10212918716(-0.0525983,0.0403986)
1995	1	9548636597(-0.0557017,0.0550661)
1992	2	9241877689(-0.0522102,0.0394835)
1993	3	9754277048(-0.0529674,0.058775)
1994	1	10141821441(-0.0564319,0.0415049)
1993	2	9057962411(-0.048226,0.0478562)
1992	3	9746312266(-0.047618,0.0556199)
1994	3	10069331565(-0.0400559,0.0417502)
1992	1	9671947837(-0.0501018,0.0633328)
1995	2	9207629354(-0.0418769,0.051025)
1995	3	10024422932(-0.0382617,0.0485882)
1993	1	10047205160(-0.0428934,0.053321)
1994	2	9303902867(-0.0437979,0.0497505)
1996	3	9931405822(-0.0480261,0.0495652)
1998	1	5895594450(-0.080979,0.0634688)
1997	2	9283612380(-0.0466211,0.0599705)
1997	3	10629317469(-0.0536865,0.0515767)
1996	2	8826550669(-0.0454934,0.053055)
Res Count: 35
Time Taken(run query): 42.655ms
total time: 1603.31ms
Using device 0: TITAN RTX (PTX version 750, SM750, 72 SMs, 23893 free / 24220 total MB physmem, 672.096 GB/s @ 7001000 kHz mem clock, ECC off)
TIMES: 128[0==========10==========20==========30==========40==========50==========60==========70==========80==========90==========100==========110==========120========]
Time Taken(resample): 1511.62ms
1998	17	6	482348002(-0.181692,0.264585)
1997	17	5	972357024(-0.160104,0.130876)
1998	17	7	544204420(-0.208289,0.238791)
1997	17	4	1053808641(-0.128154,0.163281)
1998	24	9	558510981(-0.220609,0.236134)
1998	17	0	609544940(-0.213815,0.264295)
1997	17	3	938034039(-0.166863,0.124852)
1998	24	8	588013715(-0.21141,0.218926)
1998	17	1	492423113(-0.232184,0.219376)
1997	17	2	998117362(-0.150262,0.191791)
1998	17	2	574141959(-0.172508,0.177489)
1997	17	1	968335236(-0.142931,0.155707)
1997	24	8	956995382(-0.171388,0.158378)
1998	17	3	550857596(-0.187314,0.282623)
1997	17	0	958145501(-0.152728,0.178288)
1997	24	9	1071035405(-0.126391,0.130204)
1997	3	8	990861246(-0.172522,0.181834)
1997	2	9	1086369893(-0.168575,0.155349)
1998	1	9	537121853(-0.192285,0.17668)
1997	3	9	967694140(-0.149299,0.141381)
1997	2	8	1139180914(-0.158924,0.185856)
1998	1	8	525079658(-0.194643,0.292447)
1997	3	7	890831818(-0.183918,0.164692)
1997	2	6	984011386(-0.153981,0.20365)
1997	1	5	900601640(-0.146002,0.165837)
1998	1	6	494271311(-0.220985,0.216791)
1998	2	5	672873797(-0.188327,0.180884)
1998	3	4	545322171(-0.227421,0.241504)
1997	3	6	1060627663(-0.148438,0.200533)
1997	2	7	1182988621(-0.133327,0.142328)
1997	1	4	896812810(-0.149787,0.1283)
1998	1	7	590061048(-0.236938,0.194637)
1998	2	4	609351447(-0.2043,0.210414)
1998	3	5	647934763(-0.19556,0.180064)
1997	3	1	991987935(-0.161854,0.136539)
1997	1	3	974821543(-0.164546,0.181565)
1997	2	0	1210023045(-0.14794,0.14432)
1998	1	0	466323007(-0.23758,0.265613)
1998	2	3	682040665(-0.158715,0.241996)
1998	3	2	463833024(-0.194039,0.227802)
1997	3	0	928786448(-0.15608,0.136831)
1997	1	2	1007033549(-0.191649,0.179257)
1997	2	1	1031398831(-0.179565,0.176072)
1998	1	1	441021599(-0.233232,0.27916)
1998	2	2	672461787(-0.213248,0.148564)
1998	3	3	557259831(-0.231359,0.206081)
1997	3	2	835300179(-0.149616,0.169981)
1997	1	0	847462288(-0.159553,0.192836)
1997	2	3	1079241348(-0.160712,0.133251)
1998	1	3	602463665(-0.20375,0.259306)
1998	2	0	523841793(-0.201346,0.208747)
1998	3	1	529883221(-0.258489,0.182111)
1997	3	3	863413364(-0.139042,0.156798)
1997	1	1	896327507(-0.181894,0.14309)
1997	2	2	1006837619(-0.177436,0.169062)
1998	1	2	507495018(-0.244472,0.231786)
1998	2	1	680533662(-0.183616,0.167113)
1998	3	0	515429489(-0.207373,0.306057)
1997	3	4	899293539(-0.168891,0.197146)
1997	1	6	1002212704(-0.116473,0.134424)
1997	2	5	1090996883(-0.143509,0.160412)
1998	1	5	552853347(-0.171962,0.253486)
1998	2	6	630553447(-0.159834,0.219568)
1998	3	7	549768905(-0.188717,0.18314)
1997	3	5	919544234(-0.176399,0.179974)
1997	1	7	823954843(-0.179882,0.17471)
1997	2	4	1160496422(-0.14413,0.172019)
1998	1	4	452855813(-0.27172,0.262166)
1998	2	7	734287375(-0.183089,0.170833)
1998	3	6	516915235(-0.224883,0.253334)
1998	3	9	515053927(-0.202139,0.246282)
1997	1	8	894032797(-0.179711,0.184527)
1998	2	8	633108957(-0.200419,0.202205)
1998	3	8	562106399(-0.181411,0.288008)
1997	1	9	884657239(-0.179994,0.18882)
1998	2	9	560661789(-0.160092,0.216564)
1998	17	5	501352224(-0.204125,0.188726)
1997	17	6	1015081991(-0.13881,0.134425)
1998	17	4	593373704(-0.199961,0.2003)
1997	17	7	1009080606(-0.127495,0.170491)
1998	24	2	539827070(-0.27284,0.205824)
1997	17	8	1058781292(-0.144427,0.182576)
1997	24	1	969582326(-0.174384,0.155368)
1998	24	3	629088945(-0.209745,0.195753)
1997	17	9	913285862(-0.178886,0.126243)
1997	24	0	1045476291(-0.149013,0.186474)
1998	24	1	539678746(-0.210909,0.18421)
1998	17	8	569726993(-0.184412,0.283757)
1997	24	2	903652266(-0.149118,0.168922)
1998	24	0	563730353(-0.194435,0.217143)
1998	17	9	579856971(-0.183555,0.21848)
1997	24	3	1036732625(-0.135268,0.120733)
1998	24	7	468502839(-0.203681,0.226822)
1997	24	4	1030530198(-0.143231,0.188717)
1998	24	6	657306169(-0.191032,0.217852)
1997	24	5	944769483(-0.150354,0.139354)
1998	24	5	512693558(-0.22009,0.233808)
1997	24	6	1075049982(-0.138337,0.14782)
1998	24	4	530143996(-0.176342,0.275989)
1997	24	7	1017049083(-0.145707,0.144465)
Res Count: 100
Time Taken(run query): 54.5398ms
total time: 1616.16ms
Using device 0: TITAN RTX (PTX version 750, SM750, 72 SMs, 23893 free / 24220 total MB physmem, 672.096 GB/s @ 7001000 kHz mem clock, ECC off)
TIMES: 128[0==========10==========20==========30==========40==========50==========60==========70==========80==========90==========100==========110==========120========]
Time Taken(resample): 1512.94ms
1998	249	126	5612850(0,3)
1997	249	126	5994654(-0.904368,2.61747)
1998	248	121	316601(0,4)
1997	249	123	640220(0,4)
1997	249	121	4978146(0,3)
1997	249	120	2410165(0,4)
1998	246	154	4087165(0,3)
1998	243	159	2478526(0,3)
1998	241	157	14604370(-0.893147,2.33046)
1997	248	151	11723128(-0.733275,1.9331)
1998	248	135	1404768(0,4)
1998	245	138	218622(0,3)
1998	243	140	2692512(-0.501206,2.49879)
1998	240	143	3069562(0,4)
1997	249	133	3370233(0,3)
1997	243	143	4198340(-0.779463,2.11785)
1997	244	136	1367275(-0.968819,2.93764)
1997	245	137	1317111(0,4)
1997	246	138	890299(0,4)
1998	249	132	1475367(0,4)
1998	248	133	7194425(0,3)
1998	247	138	4022974(0,4)
1998	243	142	2126068(0,2)
1998	242	143	3970911(0,3)
1998	240	141	10515117(-0.649279,1.70144)
1997	243	141	1555386(0,5)
1997	246	136	9776436(-0.755011,1.46367)
1997	247	137	66670(0,2)
1997	248	134	932391(0,3)
1998	249	141	5628246(0,3)
1998	248	140	4733689(0,4)
1998	247	131	5036951(-0.693361,1.77345)
1998	243	135	920797(0,4)
1998	241	133	2173777(0,2)
1997	243	132	4953490(0,4)
1997	242	133	6877930(0,3)
1997	247	128	1982742(0,3)
1998	247	154	5120766(0,3)
1998	244	153	308439(0,4)
1998	241	156	4003019(0,3)
1997	249	151	3851971(0,3)
1997	248	150	1152532(0,2)
1997	241	159	7079081(-0.798393,1.69426)
1997	244	154	3235219(0,2)
1997	245	155	4504398(0,5)
1998	245	158	3851247(0,4)
1998	243	152	2784624(0,4)
1998	240	155	65040(0,4)
1997	249	145	3007242(0,4)
1997	241	153	942192(0,3)
1997	243	155	2833396(-0.569472,2.13894)
1997	244	156	6029840(-0.767698,1.7677)
1997	247	159	2643820(0,3)
1998	248	128	2588576(0,3)
1998	241	137	5776196(0,5)
1997	243	136	7837732(-0.724011,1.89604)
1997	241	138	6644799(0,3)
1997	240	139	656853(0,3)
1997	244	143	2965160(0,3)
1997	245	142	5532883(-0.933333,2.73333)
1997	247	140	1768537(0,6)
1997	248	131	9685435(-0.769173,1.76917)
1998	247	126	623120(0,3)
1998	246	127	2716635(0,4)
1998	245	124	1489171(0,3)
1998	244	125	1824660(0,3)
1998	240	121	4100633(0,2)
1997	243	121	6440630(0,3)
1997	240	122	6801741(-0.715107,1.71511)
1997	241	123	754642(0,2)
1997	244	126	3202796(0,3)
1997	245	127	3728566(0,3)
1998	247	141	4607397(0,4)
1998	246	140	7760346(0,3)
1998	243	137	6188659(-0.595635,2)
1998	241	139	13051107(-0.633386,1.90016)
1997	249	128	6516897(0,4)
1997	243	138	4717984(0,5)
1997	241	136	4016662(-0.955255,1.91051)
1997	240	137	4295889(0,4)
1997	244	141	3258412(0,3)
1997	246	143	490771(0,4)
1997	247	142	585232(0,3)
1998	247	124	1423365(0,4)
1998	244	127	7523403(-0.773583,2.09433)
1997	240	120	6605321(0,4)
1997	245	125	5839493(0,4)
1997	247	127	4499950(-0.778443,3.11377)
1998	247	140	6775916(0,5)
1998	246	141	4849134(0,4)
1998	245	142	3700279(0,3)
1998	243	136	10353786(-0.798162,2.36693)
1998	241	138	8038051(-0.550064,2.44994)
1998	240	139	344666(0,3)
1997	249	129	2454149(0,3)
1997	243	139	3901894(0,4)
1997	240	136	2734996(0,2)
1997	248	128	5994770(-0.561049,1.8779)
1998	246	126	12192419(-0.764091,1.74394)
1998	244	124	1979177(0,3)
1998	243	123	8887585(-0.678137,1.67814)
1998	241	121	6823484(0,4)
1998	240	120	8249823(0,4)
1997	243	120	14434903(-0.5681,2.1362)
1997	240	123	4159155(0,3)
1997	244	127	6398369(0,4)
1997	246	125	2968875(0,5)
1997	247	124	9383538(-0.605469,2)
1998	249	143	2244027(0,4)
1998	247	129	4242290(0,2)
1998	241	135	11727044(-0.701903,2.10571)
1998	240	134	1178569(0,3)
1997	249	140	523875(0,2)
1997	248	141	7238584(-0.919774,2.75932)
1997	243	134	7655959(-0.574603,2.29841)
1997	242	135	903522(0,3)
1997	241	132	5201108(0,4)
1997	240	133	10498887(-0.868574,1.49464)
1997	245	128	1470320(0,3)
1998	248	137	1497018(0,3)
1998	244	133	1366271(0,3)
1997	249	139	5038547(0,3)
1997	243	129	5106159(-0.581274,2)
1997	240	130	205995(0,5)
1997	241	131	3010778(0,3)
1998	248	143	10420028(-0.741386,2.74139)
1998	246	129	1654629(0,4)
1998	243	132	4956699(0,5)
1997	249	141	11299694(-0.659764,1.65976)
1997	243	135	6980130(-0.502848,2.01139)
1997	240	132	4550838(0,2)
1997	248	140	6257394(-0.850104,2.70021)
1998	245	121	3527127(0,4)
1998	243	127	1950181(0,3)
1997	243	124	4709951(0,3)
1997	240	127	2856945(0,3)
1997	244	123	6717739(-0.823893,3.17611)
1997	246	121	5639910(-0.52173,1.95654)
1998	246	124	8856008(-0.828589,3.31436)
1998	243	121	3251435(0,2)
1998	241	123	2039347(0,5)
1997	243	122	1153860(0,3)
1997	242	123	2802731(0,5)
1997	240	121	1597072(0,3)
1997	241	120	4664535(0,4)
1998	248	136	2146569(0,4)
1998	247	135	5442249(0,4)
1997	249	138	4599584(0,3)
1997	240	131	2553466(0,3)
1998	248	129	10091871(-0.891451,2.67435)
1998	242	139	4759199(0,2)
1997	249	131	5205130(-0.881536,1.88154)
1997	241	139	16681724(-0.75502,1.65099)
1997	240	138	535510(0,2)
1997	244	142	6381050(-0.813648,1.81365)
1997	247	141	7858280(-0.819483,2.81948)
1997	248	130	11175181(-0.845969,1.81592)
1998	242	124	1085474(0,3)
1998	241	127	9239938(-0.685162,2)
1997	240	125	7272442(-0.632231,2.16116)
1997	245	120	4188352(0,3)
1997	246	123	1980803(0,4)
1997	247	122	3060610(0,3)
1998	246	151	9295477(-0.983767,1.33608)
1998	243	146	4635444(0,3)
1998	241	144	6152111(0,4)
1998	240	145	9823511(-0.831864,2.49559)
1997	243	145	8244511(-0.901955,2.18054)
1997	241	147	6820094(0,3)
1997	240	146	690147(0,2)
1997	245	151	6716365(-0.866879,2.60064)
1997	246	148	2296208(-0.807409,2)
1997	247	149	4382699(0,4)
1998	244	135	3479769(0,3)
1998	243	128	4248785(0,3)
1998	241	130	2904455(0,3)
1997	240	128	4361724(0,3)
1997	241	129	2605586(0,4)
1997	245	133	8200372(0,4)
1997	246	134	8480597(0,3)
1997	247	135	3540150(-0.896659,2.58664)
1997	248	136	4598701(0,4)
1998	244	136	322314(0,4)
1998	242	142	1518831(0,4)
1997	249	134	10181484(-0.766086,2.29826)
1997	243	140	5666596(0,4)
1997	240	143	813558(0,4)
1997	244	139	4623385(0,3)
1997	247	136	3771881(0,3)
1998	247	122	2074909(0,3)
1998	244	121	4842119(0,3)
1998	243	126	3290920(0,5)
1998	241	124	4977552(0,4)
1997	243	125	17945832(-0.952684,1.23707)
1997	240	126	7126075(0,2)
1997	241	127	7947278(0,4)
1997	245	123	7188541(-0.74321,2.48642)
1998	248	134	12802272(-0.601833,1.60183)
1998	243	141	11170589(-0.545762,1.63729)
1997	243	142	8411518(0,3)
1997	242	143	2497045(0,4)
1997	241	140	3741741(0,3)
1997	240	141	4194441(0,3)
1997	245	136	8179124(-0.777244,2.22276)
1997	247	138	13815001(-0.817004,1.26421)
1998	244	123	2764062(0,3)
1998	241	126	4056905(0,3)
1998	240	127	6377302(0,3)
1997	243	127	6653073(-0.859646,1.47352)
1997	241	125	17112948(-0.704737,1.40947)
1997	244	120	6751751(0,4)
1997	246	122	14680567(-0.534361,1.53436)
1998	249	154	5499746(0,4)
1998	248	155	4332485(-0.699392,2.09818)
1998	246	149	2850785(0,2)
1998	244	151	298283(0,3)
1998	241	146	7614706(-0.513398,2.0268)
1998	240	147	4477380(0,4)
1997	241	145	7497956(-0.60514,1.78972)
1997	240	144	1844534(0,4)
1997	245	149	4855520(0,4)
1997	246	150	9131878(-0.719735,1.71973)
1998	248	154	3984336(0,4)
1998	241	147	2797698(0,3)
1998	240	146	1423703(0,3)
1997	249	152	5934228(0,4)
1997	248	153	6017647(-0.800012,3.20005)
1997	242	147	4804254(0,4)
1997	241	144	6870298(-0.785942,2.14377)
1997	240	145	2800809(0,3)
1997	244	149	14444633(-0.828686,1.18604)
1997	247	150	7550836(0,3)
1998	249	153	2654344(0,4)
1998	247	151	790565(0,3)
1998	246	150	5491112(0,4)
1998	245	149	5978161(0,4)
1998	243	147	3058985(0,4)
1998	241	145	5182713(0,3)
1997	248	155	960364(0,3)
1997	243	144	10184683(-0.519272,1.51927)
1997	241	146	6169729(0,3)
1997	240	147	5296267(-0.910274,2.42738)
1997	244	151	1809164(0,4)
1997	246	149	2030219(0,4)
1998	249	158	6661424(0,3)
1998	247	144	7687708(-0.644105,2.28821)
1998	245	146	5567974(0,3)
1998	240	151	2660402(0,3)
1997	248	156	5475623(0,3)
1997	240	148	1756520(0,4)
1997	243	151	494524(-0.921727,1.92173)
1997	246	146	3658283(-0.613901,1.8417)
1998	249	156	2791588(-0.509901,2.0198)
1997	241	151	7546363(0,3)
1997	240	150	1828949(0,6)
1997	243	149	15556962(-0.840037,1.62785)
1997	246	144	5773207(-0.518404,2.03681)
1997	247	145	4185054(0,3)
1998	245	145	4261638(0,3)
1998	241	149	6475372(0,3)
1997	249	158	3074705(0,3)
1997	248	159	12321589(-0.901174,1.63809)
1997	243	148	6248337(-0.727217,1.90887)
1997	241	150	6617526(0,3)
1997	240	151	2138945(0,3)
1997	244	147	3928653(0,2)
1997	245	146	3235232(0,3)
1997	247	144	9251584(-0.606095,2.42438)
1998	245	159	1717045(0,4)
1998	244	158	3566625(0,3)
1998	241	155	1573271(0,3)
1997	249	144	576371(0,4)
1997	248	145	6600149(-0.695991,2.60802)
1997	241	152	4241477(0,3)
1997	240	153	10346657(-0.593839,1.59384)
1997	243	154	6178788(-0.571209,1.71363)
1997	245	156	1104292(0,4)
1997	246	159	8160085(-0.800016,1.77412)
1998	249	144	5884890(0,3)
1998	245	156	8140152(0,3)
1998	241	152	847273(0,4)
1997	249	147	6705541(-0.620219,1.62022)
1997	241	155	13296682(-0.571558,2.28623)
1997	240	154	615826(0,3)
1997	245	159	8387883(-0.562052,2.24821)
1997	247	157	6007311(0,3)
1998	249	150	7556859(-0.601472,2.20294)
1998	248	151	4222801(-0.5048,1.9904)
1998	245	154	1151901(0,2)
1998	243	156	43206(0,3)
1998	241	158	7040501(-0.658321,2.31664)
1998	240	159	7197639(-0.538537,1.61561)
1997	240	156	3168291(0,4)
1997	243	159	3775432(0,4)
1998	241	159	8017974(0,4)
1997	248	149	6808381(-0.756613,1.49048)
1997	241	156	16659953(-0.874045,1.8098)
1997	240	157	5043087(0,3)
1997	243	158	473535(0,3)
1997	244	153	1349232(0,4)
1997	245	152	11549967(-0.557235,1.67171)
1997	246	155	4029719(0,4)
1997	247	154	2619319(0,4)
1998	248	138	4793922(-0.839154,1.83915)
1998	244	134	3092105(0,2)
1997	243	130	8693337(-0.932933,2.14557)
1997	241	128	6572887(0,3)
1997	244	133	2679199(0,4)
1997	246	135	1601088(0,3)
1997	247	134	3652777(0,2)
1997	248	137	5463019(0,3)
1998	243	149	393376(0,2)
1998	241	151	5504475(0,3)
1997	243	150	3436728(0,4)
1997	246	147	6840777(-0.759949,3.27985)
1998	245	157	4545275(0,3)
1998	243	155	2812477(-0.567633,2.13527)
1997	249	146	3481582(0,4)
1997	243	152	1821386(0,4)
1997	247	156	12897337(-0.776505,1.44699)
1998	248	141	6279705(0,5)
1998	245	128	10600181(-0.54453,2)
1998	244	129	5535938(0,4)
1998	240	133	15999266(-0.96534,1.84609)
1997	247	129	4100795(0,3)
1997	248	123	3336346(0,4)
1998	248	126	3333659(-0.986623,2.97325)
1997	249	124	4305340(-0.922198,1.5547)
1997	248	125	6651492(-0.5267,2.0534)
1997	248	126	4798483(0,4)
Res Count: 330
Time Taken(run query): 1546.83ms
total time: 3118.82ms
